[1.035s] Invoking command in '/root/dev_ws/src/ros2comm/ros2client': PYTHONPATH=/root/dev_ws/install/ros2client/lib/python3.6/site-packages:${PYTHONPATH} /usr/bin/python3 setup.py egg_info --egg-base /root/dev_ws/build/ros2client build --build-base /root/dev_ws/build/ros2client/build install --prefix /root/dev_ws/install/ros2client --record /root/dev_ws/build/ros2client/install.log --single-version-externally-managed
[1.267s] running egg_info
[1.268s] writing /root/dev_ws/build/ros2client/ros2client.egg-info/PKG-INFO
[1.268s] writing dependency_links to /root/dev_ws/build/ros2client/ros2client.egg-info/dependency_links.txt
[1.268s] writing entry points to /root/dev_ws/build/ros2client/ros2client.egg-info/entry_points.txt
[1.268s] writing requirements to /root/dev_ws/build/ros2client/ros2client.egg-info/requires.txt
[1.269s] writing top-level names to /root/dev_ws/build/ros2client/ros2client.egg-info/top_level.txt
[1.309s] reading manifest file '/root/dev_ws/build/ros2client/ros2client.egg-info/SOURCES.txt'
[1.310s] writing manifest file '/root/dev_ws/build/ros2client/ros2client.egg-info/SOURCES.txt'
[1.311s] running build
[1.311s] running build_py
[1.312s] running install
[1.312s] running install_lib
[1.314s] running install_data
[1.315s] running install_egg_info
[1.319s] removing '/root/dev_ws/install/ros2client/lib/python3.6/site-packages/ros2client-0.0.0-py3.6.egg-info' (and everything under it)
[1.320s] Copying /root/dev_ws/build/ros2client/ros2client.egg-info to /root/dev_ws/install/ros2client/lib/python3.6/site-packages/ros2client-0.0.0-py3.6.egg-info
[1.321s] running install_scripts
[1.348s] Installing clientRun script to /root/dev_ws/install/ros2client/lib/ros2client
[1.349s] writing list of installed files to '/root/dev_ws/build/ros2client/install.log'
[1.387s] Invoked command in '/root/dev_ws/src/ros2comm/ros2client' returned '0': PYTHONPATH=/root/dev_ws/install/ros2client/lib/python3.6/site-packages:${PYTHONPATH} /usr/bin/python3 setup.py egg_info --egg-base /root/dev_ws/build/ros2client build --build-base /root/dev_ws/build/ros2client/build install --prefix /root/dev_ws/install/ros2client --record /root/dev_ws/build/ros2client/install.log --single-version-externally-managed
