[0.843s] Invoking command in '/root/dev_ws/src/ros2comm/ros2client': PYTHONPATH=/root/dev_ws/install/ros2client/lib/python3.6/site-packages:${PYTHONPATH} /usr/bin/python3 setup.py egg_info --egg-base /root/dev_ws/build/ros2client build --build-base /root/dev_ws/build/ros2client/build install --prefix /root/dev_ws/install/ros2client --record /root/dev_ws/build/ros2client/install.log --single-version-externally-managed
[1.050s] running egg_info
[1.051s] writing /root/dev_ws/build/ros2client/ros2client.egg-info/PKG-INFO
[1.051s] writing dependency_links to /root/dev_ws/build/ros2client/ros2client.egg-info/dependency_links.txt
[1.052s] writing entry points to /root/dev_ws/build/ros2client/ros2client.egg-info/entry_points.txt
[1.052s] writing requirements to /root/dev_ws/build/ros2client/ros2client.egg-info/requires.txt
[1.052s] writing top-level names to /root/dev_ws/build/ros2client/ros2client.egg-info/top_level.txt
[1.095s] reading manifest file '/root/dev_ws/build/ros2client/ros2client.egg-info/SOURCES.txt'
[1.097s] writing manifest file '/root/dev_ws/build/ros2client/ros2client.egg-info/SOURCES.txt'
[1.097s] running build
[1.097s] running build_py
[1.097s] running install
[1.098s] running install_lib
[1.099s] running install_data
[1.100s] running install_egg_info
[1.101s] removing '/root/dev_ws/install/ros2client/lib/python3.6/site-packages/ros2client-0.0.0-py3.6.egg-info' (and everything under it)
[1.102s] Copying /root/dev_ws/build/ros2client/ros2client.egg-info to /root/dev_ws/install/ros2client/lib/python3.6/site-packages/ros2client-0.0.0-py3.6.egg-info
[1.103s] running install_scripts
[1.128s] Installing clientRun script to /root/dev_ws/install/ros2client/lib/ros2client
[1.128s] writing list of installed files to '/root/dev_ws/build/ros2client/install.log'
[1.160s] Invoked command in '/root/dev_ws/src/ros2comm/ros2client' returned '0': PYTHONPATH=/root/dev_ws/install/ros2client/lib/python3.6/site-packages:${PYTHONPATH} /usr/bin/python3 setup.py egg_info --egg-base /root/dev_ws/build/ros2client build --build-base /root/dev_ws/build/ros2client/build install --prefix /root/dev_ws/install/ros2client --record /root/dev_ws/build/ros2client/install.log --single-version-externally-managed
