[1.069s] Invoking command in '/root/dev_ws/src/ros2comm/ros2client': PYTHONPATH=/root/dev_ws/install/ros2client/lib/python3.6/site-packages:${PYTHONPATH} /usr/bin/python3 setup.py egg_info --egg-base /root/dev_ws/build/ros2client build --build-base /root/dev_ws/build/ros2client/build install --prefix /root/dev_ws/install/ros2client --record /root/dev_ws/build/ros2client/install.log --single-version-externally-managed
[1.346s] running egg_info
[1.346s] writing /root/dev_ws/build/ros2client/ros2client.egg-info/PKG-INFO
[1.347s] writing dependency_links to /root/dev_ws/build/ros2client/ros2client.egg-info/dependency_links.txt
[1.347s] writing entry points to /root/dev_ws/build/ros2client/ros2client.egg-info/entry_points.txt
[1.348s] writing requirements to /root/dev_ws/build/ros2client/ros2client.egg-info/requires.txt
[1.349s] writing top-level names to /root/dev_ws/build/ros2client/ros2client.egg-info/top_level.txt
[1.397s] reading manifest file '/root/dev_ws/build/ros2client/ros2client.egg-info/SOURCES.txt'
[1.401s] writing manifest file '/root/dev_ws/build/ros2client/ros2client.egg-info/SOURCES.txt'
[1.403s] running build
[1.403s] running build_py
[1.404s] running install
[1.405s] running install_lib
[1.412s] running install_data
[1.413s] running install_egg_info
[1.415s] removing '/root/dev_ws/install/ros2client/lib/python3.6/site-packages/ros2client-0.0.0-py3.6.egg-info' (and everything under it)
[1.415s] Copying /root/dev_ws/build/ros2client/ros2client.egg-info to /root/dev_ws/install/ros2client/lib/python3.6/site-packages/ros2client-0.0.0-py3.6.egg-info
[1.416s] running install_scripts
[1.448s] Installing clientRun script to /root/dev_ws/install/ros2client/lib/ros2client
[1.449s] writing list of installed files to '/root/dev_ws/build/ros2client/install.log'
[1.478s] Invoked command in '/root/dev_ws/src/ros2comm/ros2client' returned '0': PYTHONPATH=/root/dev_ws/install/ros2client/lib/python3.6/site-packages:${PYTHONPATH} /usr/bin/python3 setup.py egg_info --egg-base /root/dev_ws/build/ros2client build --build-base /root/dev_ws/build/ros2client/build install --prefix /root/dev_ws/install/ros2client --record /root/dev_ws/build/ros2client/install.log --single-version-externally-managed
