[0.306s] -- The C compiler identification is GNU 7.4.0
[0.451s] -- The CXX compiler identification is GNU 7.4.0
[0.464s] -- Check for working C compiler: /usr/bin/cc
[0.551s] -- Check for working C compiler: /usr/bin/cc -- works
[0.553s] -- Detecting C compiler ABI info
[0.637s] -- Detecting C compiler ABI info - done
[0.645s] -- Detecting C compile features
[0.869s] -- Detecting C compile features - done
[0.875s] -- Check for working CXX compiler: /usr/bin/c++
[0.967s] -- Check for working CXX compiler: /usr/bin/c++ -- works
[0.967s] -- Detecting CXX compiler ABI info
[1.052s] -- Detecting CXX compiler ABI info - done
[1.058s] -- Detecting CXX compile features
[1.412s] -- Detecting CXX compile features - done
[1.423s] -- Found ament_cmake: 0.7.4 (/opt/ros/dashing/share/ament_cmake/cmake)
[1.450s] -- Found PythonInterp: /usr/bin/python3 (found suitable version "3.6.9", minimum required is "3") 
[1.450s] -- Using PYTHON_EXECUTABLE: /usr/bin/python3
[1.644s] -- Found ament_index_cpp: 0.7.2 (/opt/ros/dashing/share/ament_index_cpp/cmake)
[1.650s] -- Found geometry_msgs: 0.7.0 (/opt/ros/dashing/share/geometry_msgs/cmake)
[1.680s] -- Found rosidl_adapter: 0.7.8 (/opt/ros/dashing/share/rosidl_adapter/cmake)
[1.766s] -- Found rclcpp: 0.7.12 (/opt/ros/dashing/share/rclcpp/cmake)
[1.791s] -- Found rmw_implementation_cmake: 0.7.2 (/opt/ros/dashing/share/rmw_implementation_cmake/cmake)
[1.796s] -- Using RMW implementation 'rmw_fastrtps_cpp' as default
[1.799s] -- Looking for pthread.h
[1.898s] -- Looking for pthread.h - found
[1.900s] -- Looking for pthread_create
[1.983s] -- Looking for pthread_create - not found
[1.984s] -- Looking for pthread_create in pthreads
[2.049s] -- Looking for pthread_create in pthreads - not found
[2.050s] -- Looking for pthread_create in pthread
[2.129s] -- Looking for pthread_create in pthread - found
[2.130s] -- Found Threads: TRUE  
[2.185s] -- Found rclcpp_action: 0.7.12 (/opt/ros/dashing/share/rclcpp_action/cmake)
[2.267s] -- Found rosidl_default_generators: 0.7.0 (/opt/ros/dashing/share/rosidl_default_generators/cmake)
[2.344s] -- Found OpenSSL: /usr/lib/x86_64-linux-gnu/libcrypto.so (found version "1.1.1") 
[2.363s] -- Found FastRTPS: /opt/ros/dashing/include  
[2.422s] -- Found std_srvs: 0.7.0 (/opt/ros/dashing/share/std_srvs/cmake)
[2.446s] -- Found PythonInterp: /usr/bin/python3 (found version "3.6.9") 
[2.706s] -- Using single matching rosidl_typesupport_c: rosidl_typesupport_fastrtps_c
[2.722s] -- Using single matching rosidl_typesupport_cpp: rosidl_typesupport_fastrtps_cpp
[2.869s] -- Found PythonInterp: /usr/bin/python3 (found suitable version "3.6.9", minimum required is "3.5") 
[2.872s] -- Found python_cmake_module: 0.7.10 (/opt/ros/dashing/share/python_cmake_module/cmake)
[2.899s] -- Found PythonLibs: /usr/lib/x86_64-linux-gnu/libpython3.6m.so (found suitable version "3.6.9", minimum required is "3.5") 
[2.899s] -- Using PYTHON_EXECUTABLE: /usr/bin/python3
[2.900s] -- Using PYTHON_INCLUDE_DIRS: /usr/include/python3.6m
[2.900s] -- Using PYTHON_LIBRARIES: /usr/lib/x86_64-linux-gnu/libpython3.6m.so
[2.918s] -- Found PythonExtra: .so  
[3.286s] -- Configuring done
[3.600s] -- Generating done
[3.604s] -- Build files have been written to: /root/dev_ws/build/turtlesim
[3.664s] [35m[1mScanning dependencies of target turtlesim__cpp[0m
[3.666s] [  1%] [34m[1mGenerating C code for ROS interfaces[0m
[3.679s] [  2%] [34m[1mGenerating C++ code for ROS interfaces[0m
[4.726s] [  2%] Built target turtlesim__cpp
[4.739s] [  4%] [34m[1mGenerating C++ type support for eProsima Fast-RTPS[0m
[4.739s] [  4%] [34m[1mGenerating C++ introspection for ROS interfaces[0m
[5.049s] [35m[1mScanning dependencies of target turtlesim__rosidl_generator_c[0m
[5.077s] [  6%] [32mBuilding C object CMakeFiles/turtlesim__rosidl_generator_c.dir/rosidl_generator_c/turtlesim/msg/color__functions.c.o[0m
[5.077s] [  6%] [32mBuilding C object CMakeFiles/turtlesim__rosidl_generator_c.dir/rosidl_generator_c/turtlesim/msg/pose__functions.c.o[0m
[5.077s] [  7%] [32mBuilding C object CMakeFiles/turtlesim__rosidl_generator_c.dir/rosidl_generator_c/turtlesim/action/rotate_absolute__functions.c.o[0m
[5.084s] [  8%] [32mBuilding C object CMakeFiles/turtlesim__rosidl_generator_c.dir/rosidl_generator_c/turtlesim/srv/kill__functions.c.o[0m
[5.142s] [  9%] [32mBuilding C object CMakeFiles/turtlesim__rosidl_generator_c.dir/rosidl_generator_c/turtlesim/srv/spawn__functions.c.o[0m
[5.143s] [ 10%] [32mBuilding C object CMakeFiles/turtlesim__rosidl_generator_c.dir/rosidl_generator_c/turtlesim/srv/set_pen__functions.c.o[0m
[5.147s] [ 11%] [32mBuilding C object CMakeFiles/turtlesim__rosidl_generator_c.dir/rosidl_generator_c/turtlesim/srv/teleport_absolute__functions.c.o[0m
[5.179s] [ 12%] [32mBuilding C object CMakeFiles/turtlesim__rosidl_generator_c.dir/rosidl_generator_c/turtlesim/srv/teleport_relative__functions.c.o[0m
[5.226s] [ 13%] [32m[1mLinking C shared library libturtlesim__rosidl_generator_c.so[0m
[5.271s] [ 13%] Built target turtlesim__rosidl_generator_c
[5.284s] [ 14%] [34m[1mGenerating C introspection for ROS interfaces[0m
[5.681s] [35m[1mScanning dependencies of target turtlesim__rosidl_typesupport_introspection_cpp[0m
[5.719s] [ 16%] [32mBuilding CXX object CMakeFiles/turtlesim__rosidl_typesupport_introspection_cpp.dir/rosidl_typesupport_introspection_cpp/turtlesim/msg/color__type_support.cpp.o[0m
[5.719s] [ 16%] [32mBuilding CXX object CMakeFiles/turtlesim__rosidl_typesupport_introspection_cpp.dir/rosidl_typesupport_introspection_cpp/turtlesim/action/rotate_absolute__type_support.cpp.o[0m
[5.719s] [ 17%] [32mBuilding CXX object CMakeFiles/turtlesim__rosidl_typesupport_introspection_cpp.dir/rosidl_typesupport_introspection_cpp/turtlesim/msg/pose__type_support.cpp.o[0m
[5.719s] [ 18%] [32mBuilding CXX object CMakeFiles/turtlesim__rosidl_typesupport_introspection_cpp.dir/rosidl_typesupport_introspection_cpp/turtlesim/srv/kill__type_support.cpp.o[0m
[6.081s] [35m[1mScanning dependencies of target turtlesim__rosidl_typesupport_fastrtps_cpp[0m
[6.090s] [ 19%] [32mBuilding CXX object CMakeFiles/turtlesim__rosidl_typesupport_introspection_cpp.dir/rosidl_typesupport_introspection_cpp/turtlesim/srv/set_pen__type_support.cpp.o[0m
[6.099s] [ 20%] [32mBuilding CXX object CMakeFiles/turtlesim__rosidl_typesupport_introspection_cpp.dir/rosidl_typesupport_introspection_cpp/turtlesim/srv/teleport_absolute__type_support.cpp.o[0m
[6.101s] [ 21%] [32mBuilding CXX object CMakeFiles/turtlesim__rosidl_typesupport_introspection_cpp.dir/rosidl_typesupport_introspection_cpp/turtlesim/srv/spawn__type_support.cpp.o[0m
[6.110s] [ 22%] [32mBuilding CXX object CMakeFiles/turtlesim__rosidl_typesupport_introspection_cpp.dir/rosidl_typesupport_introspection_cpp/turtlesim/srv/teleport_relative__type_support.cpp.o[0m
[6.146s] [ 23%] [32mBuilding CXX object CMakeFiles/turtlesim__rosidl_typesupport_fastrtps_cpp.dir/rosidl_typesupport_fastrtps_cpp/turtlesim/action/dds_fastrtps/rotate_absolute__type_support.cpp.o[0m
[6.395s] [ 24%] [32mBuilding CXX object CMakeFiles/turtlesim__rosidl_typesupport_fastrtps_cpp.dir/rosidl_typesupport_fastrtps_cpp/turtlesim/msg/dds_fastrtps/color__type_support.cpp.o[0m
[6.404s] [ 25%] [32mBuilding CXX object CMakeFiles/turtlesim__rosidl_typesupport_fastrtps_cpp.dir/rosidl_typesupport_fastrtps_cpp/turtlesim/msg/dds_fastrtps/pose__type_support.cpp.o[0m
[6.411s] [ 26%] [32mBuilding CXX object CMakeFiles/turtlesim__rosidl_typesupport_fastrtps_cpp.dir/rosidl_typesupport_fastrtps_cpp/turtlesim/srv/dds_fastrtps/kill__type_support.cpp.o[0m
[6.411s] [ 27%] [32m[1mLinking CXX shared library libturtlesim__rosidl_typesupport_introspection_cpp.so[0m
[6.477s] [ 27%] Built target turtlesim__rosidl_typesupport_introspection_cpp
[6.489s] [ 28%] [32mBuilding CXX object CMakeFiles/turtlesim__rosidl_typesupport_fastrtps_cpp.dir/rosidl_typesupport_fastrtps_cpp/turtlesim/srv/dds_fastrtps/set_pen__type_support.cpp.o[0m
[6.562s] [35m[1mScanning dependencies of target turtlesim__rosidl_typesupport_introspection_c[0m
[6.594s] [ 29%] [32mBuilding C object CMakeFiles/turtlesim__rosidl_typesupport_introspection_c.dir/rosidl_typesupport_introspection_c/turtlesim/action/rotate_absolute__type_support.c.o[0m
[6.653s] [ 30%] [32mBuilding C object CMakeFiles/turtlesim__rosidl_typesupport_introspection_c.dir/rosidl_typesupport_introspection_c/turtlesim/msg/color__type_support.c.o[0m
[6.695s] [ 31%] [32mBuilding C object CMakeFiles/turtlesim__rosidl_typesupport_introspection_c.dir/rosidl_typesupport_introspection_c/turtlesim/msg/pose__type_support.c.o[0m
[6.708s] [ 32%] [32mBuilding C object CMakeFiles/turtlesim__rosidl_typesupport_introspection_c.dir/rosidl_typesupport_introspection_c/turtlesim/srv/kill__type_support.c.o[0m
[6.740s] [ 34%] [32mBuilding C object CMakeFiles/turtlesim__rosidl_typesupport_introspection_c.dir/rosidl_typesupport_introspection_c/turtlesim/srv/set_pen__type_support.c.o[0m
[6.751s] [ 35%] [32mBuilding C object CMakeFiles/turtlesim__rosidl_typesupport_introspection_c.dir/rosidl_typesupport_introspection_c/turtlesim/srv/spawn__type_support.c.o[0m
[6.788s] [ 36%] [32mBuilding CXX object CMakeFiles/turtlesim__rosidl_typesupport_fastrtps_cpp.dir/rosidl_typesupport_fastrtps_cpp/turtlesim/srv/dds_fastrtps/spawn__type_support.cpp.o[0m
[6.799s] [ 37%] [32mBuilding C object CMakeFiles/turtlesim__rosidl_typesupport_introspection_c.dir/rosidl_typesupport_introspection_c/turtlesim/srv/teleport_absolute__type_support.c.o[0m
[6.841s] [ 38%] [32mBuilding C object CMakeFiles/turtlesim__rosidl_typesupport_introspection_c.dir/rosidl_typesupport_introspection_c/turtlesim/srv/teleport_relative__type_support.c.o[0m
[6.901s] [ 39%] [32m[1mLinking C shared library libturtlesim__rosidl_typesupport_introspection_c.so[0m
[6.913s] [ 40%] [32mBuilding CXX object CMakeFiles/turtlesim__rosidl_typesupport_fastrtps_cpp.dir/rosidl_typesupport_fastrtps_cpp/turtlesim/srv/dds_fastrtps/teleport_absolute__type_support.cpp.o[0m
[6.919s] [ 41%] [32mBuilding CXX object CMakeFiles/turtlesim__rosidl_typesupport_fastrtps_cpp.dir/rosidl_typesupport_fastrtps_cpp/turtlesim/srv/dds_fastrtps/teleport_relative__type_support.cpp.o[0m
[6.959s] [ 41%] Built target turtlesim__rosidl_typesupport_introspection_c
[7.354s] [ 42%] [32m[1mLinking CXX shared library libturtlesim__rosidl_typesupport_fastrtps_cpp.so[0m
[7.454s] [ 42%] Built target turtlesim__rosidl_typesupport_fastrtps_cpp
[7.469s] [ 44%] [34m[1mGenerating C type support for eProsima Fast-RTPS[0m
[7.469s] [ 44%] [34m[1mGenerating C++ type support dispatch for ROS interfaces[0m
[8.190s] [35m[1mScanning dependencies of target turtlesim__rosidl_typesupport_cpp[0m
[8.224s] [ 47%] [32mBuilding CXX object CMakeFiles/turtlesim__rosidl_typesupport_cpp.dir/rosidl_typesupport_cpp/turtlesim/action/rotate_absolute__type_support.cpp.o[0m
[8.224s] [ 47%] [32mBuilding CXX object CMakeFiles/turtlesim__rosidl_typesupport_cpp.dir/rosidl_typesupport_cpp/turtlesim/msg/color__type_support.cpp.o[0m
[8.224s] [ 47%] [32mBuilding CXX object CMakeFiles/turtlesim__rosidl_typesupport_cpp.dir/rosidl_typesupport_cpp/turtlesim/msg/pose__type_support.cpp.o[0m
[8.224s] [ 48%] [32mBuilding CXX object CMakeFiles/turtlesim__rosidl_typesupport_cpp.dir/rosidl_typesupport_cpp/turtlesim/srv/set_pen__type_support.cpp.o[0m
[8.225s] [ 49%] [32mBuilding CXX object CMakeFiles/turtlesim__rosidl_typesupport_cpp.dir/rosidl_typesupport_cpp/turtlesim/srv/kill__type_support.cpp.o[0m
[8.681s] [ 50%] [32mBuilding CXX object CMakeFiles/turtlesim__rosidl_typesupport_cpp.dir/rosidl_typesupport_cpp/turtlesim/srv/spawn__type_support.cpp.o[0m
[8.685s] [ 51%] [32mBuilding CXX object CMakeFiles/turtlesim__rosidl_typesupport_cpp.dir/rosidl_typesupport_cpp/turtlesim/srv/teleport_absolute__type_support.cpp.o[0m
[8.699s] [ 52%] [32mBuilding CXX object CMakeFiles/turtlesim__rosidl_typesupport_cpp.dir/rosidl_typesupport_cpp/turtlesim/srv/teleport_relative__type_support.cpp.o[0m
[8.767s] [35m[1mScanning dependencies of target turtlesim__rosidl_typesupport_fastrtps_c[0m
[8.812s] [ 54%] [32mBuilding CXX object CMakeFiles/turtlesim__rosidl_typesupport_fastrtps_c.dir/rosidl_typesupport_fastrtps_c/turtlesim/msg/color__type_support_c.cpp.o[0m
[8.812s] [ 54%] [32mBuilding CXX object CMakeFiles/turtlesim__rosidl_typesupport_fastrtps_c.dir/rosidl_typesupport_fastrtps_c/turtlesim/action/rotate_absolute__type_support_c.cpp.o[0m
[8.813s] [ 55%] [32mBuilding CXX object CMakeFiles/turtlesim__rosidl_typesupport_fastrtps_c.dir/rosidl_typesupport_fastrtps_c/turtlesim/msg/pose__type_support_c.cpp.o[0m
[9.139s] [ 56%] [32mBuilding CXX object CMakeFiles/turtlesim__rosidl_typesupport_fastrtps_c.dir/rosidl_typesupport_fastrtps_c/turtlesim/srv/kill__type_support_c.cpp.o[0m
[9.166s] [ 57%] [32mBuilding CXX object CMakeFiles/turtlesim__rosidl_typesupport_fastrtps_c.dir/rosidl_typesupport_fastrtps_c/turtlesim/srv/set_pen__type_support_c.cpp.o[0m
[9.169s] [ 58%] [32m[1mLinking CXX shared library libturtlesim__rosidl_typesupport_cpp.so[0m
[9.223s] [ 59%] [32mBuilding CXX object CMakeFiles/turtlesim__rosidl_typesupport_fastrtps_c.dir/rosidl_typesupport_fastrtps_c/turtlesim/srv/spawn__type_support_c.cpp.o[0m
[9.227s] [ 60%] [32mBuilding CXX object CMakeFiles/turtlesim__rosidl_typesupport_fastrtps_c.dir/rosidl_typesupport_fastrtps_c/turtlesim/srv/teleport_absolute__type_support_c.cpp.o[0m
[9.287s] [ 61%] [32mBuilding CXX object CMakeFiles/turtlesim__rosidl_typesupport_fastrtps_c.dir/rosidl_typesupport_fastrtps_c/turtlesim/srv/teleport_relative__type_support_c.cpp.o[0m
[9.310s] [ 61%] Built target turtlesim__rosidl_typesupport_cpp
[9.687s] [ 62%] [32m[1mLinking CXX shared library libturtlesim__rosidl_typesupport_fastrtps_c.so[0m
[9.790s] [ 62%] Built target turtlesim__rosidl_typesupport_fastrtps_c
[9.805s] [ 63%] [34m[1mGenerating C type support dispatch for ROS interfaces[0m
[10.518s] [35m[1mScanning dependencies of target turtlesim__rosidl_typesupport_c[0m
[10.550s] [ 65%] [32mBuilding CXX object CMakeFiles/turtlesim__rosidl_typesupport_c.dir/rosidl_typesupport_c/turtlesim/msg/color__type_support.cpp.o[0m
[10.550s] [ 65%] [32mBuilding CXX object CMakeFiles/turtlesim__rosidl_typesupport_c.dir/rosidl_typesupport_c/turtlesim/action/rotate_absolute__type_support.cpp.o[0m
[10.550s] [ 67%] [32mBuilding CXX object CMakeFiles/turtlesim__rosidl_typesupport_c.dir/rosidl_typesupport_c/turtlesim/srv/kill__type_support.cpp.o[0m
[10.551s] [ 69%] [32mBuilding CXX object CMakeFiles/turtlesim__rosidl_typesupport_c.dir/rosidl_typesupport_c/turtlesim/srv/spawn__type_support.cpp.o[0m
[10.551s] [ 69%] [32mBuilding CXX object CMakeFiles/turtlesim__rosidl_typesupport_c.dir/rosidl_typesupport_c/turtlesim/srv/set_pen__type_support.cpp.o[0m
[10.554s] [ 70%] [32mBuilding CXX object CMakeFiles/turtlesim__rosidl_typesupport_c.dir/rosidl_typesupport_c/turtlesim/msg/pose__type_support.cpp.o[0m
[10.589s] [ 71%] [32mBuilding CXX object CMakeFiles/turtlesim__rosidl_typesupport_c.dir/rosidl_typesupport_c/turtlesim/srv/teleport_absolute__type_support.cpp.o[0m
[10.590s] [ 72%] [32mBuilding CXX object CMakeFiles/turtlesim__rosidl_typesupport_c.dir/rosidl_typesupport_c/turtlesim/srv/teleport_relative__type_support.cpp.o[0m
[10.630s] [ 73%] [32m[1mLinking CXX shared library libturtlesim__rosidl_typesupport_c.so[0m
[10.711s] [ 73%] Built target turtlesim__rosidl_typesupport_c
[10.724s] [35m[1mScanning dependencies of target turtlesim[0m
[10.738s] [ 73%] Built target turtlesim
[10.752s] [35m[1mScanning dependencies of target draw_square[0m
[10.752s] [35m[1mScanning dependencies of target mimic[0m
[10.753s] [35m[1mScanning dependencies of target turtlesim__py[0m
[10.753s] [35m[1mScanning dependencies of target turtle_teleop_key[0m
[10.753s] [ 74%] [34m[1mGenerating include/turtlesim/moc_turtle_frame.cpp[0m
[10.769s] [ 75%] [34m[1mGenerating Python code for ROS interfaces[0m
[10.818s] [35m[1mScanning dependencies of target turtlesim_node[0m
[10.864s] [ 76%] [32mBuilding CXX object CMakeFiles/draw_square.dir/tutorials/draw_square.cpp.o[0m
[10.868s] [ 77%] [32mBuilding CXX object CMakeFiles/mimic.dir/tutorials/mimic.cpp.o[0m
[10.874s] [ 78%] [32mBuilding CXX object CMakeFiles/turtle_teleop_key.dir/tutorials/teleop_turtle_key.cpp.o[0m
[10.917s] [ 79%] [32mBuilding CXX object CMakeFiles/turtlesim_node.dir/src/turtlesim.cpp.o[0m
[10.918s] [ 80%] [32mBuilding CXX object CMakeFiles/turtlesim_node.dir/src/turtle.cpp.o[0m
[14.368s] [ 81%] [32mBuilding CXX object CMakeFiles/turtlesim_node.dir/src/turtle_frame.cpp.o[0m
[14.983s] [ 82%] [32m[1mLinking CXX executable mimic[0m
[15.215s] [ 82%] Built target turtlesim__py
[15.241s] [35m[1mScanning dependencies of target turtlesim__python[0m
[15.402s] [ 82%] Built target mimic
[15.405s] [ 83%] [32mBuilding C object CMakeFiles/turtlesim__python.dir/rosidl_generator_py/turtlesim/action/_rotate_absolute_s.c.o[0m
[15.419s] [ 84%] [32mBuilding C object CMakeFiles/turtlesim__python.dir/rosidl_generator_py/turtlesim/msg/_color_s.c.o[0m
[15.607s] [ 85%] [32mBuilding C object CMakeFiles/turtlesim__python.dir/rosidl_generator_py/turtlesim/msg/_pose_s.c.o[0m
[15.684s] [ 86%] [32mBuilding C object CMakeFiles/turtlesim__python.dir/rosidl_generator_py/turtlesim/srv/_kill_s.c.o[0m
[15.775s] [ 87%] [32mBuilding C object CMakeFiles/turtlesim__python.dir/rosidl_generator_py/turtlesim/srv/_set_pen_s.c.o[0m
[15.844s] [ 88%] [32mBuilding C object CMakeFiles/turtlesim__python.dir/rosidl_generator_py/turtlesim/srv/_spawn_s.c.o[0m
[15.870s] [ 89%] [32m[1mLinking CXX executable draw_square[0m
[15.949s] [ 90%] [32mBuilding C object CMakeFiles/turtlesim__python.dir/rosidl_generator_py/turtlesim/srv/_teleport_absolute_s.c.o[0m
[16.031s] [ 91%] [32mBuilding C object CMakeFiles/turtlesim__python.dir/rosidl_generator_py/turtlesim/srv/_teleport_relative_s.c.o[0m
[16.115s] [ 92%] [32mBuilding CXX object CMakeFiles/turtlesim_node.dir/include/turtlesim/moc_turtle_frame.cpp.o[0m
[16.196s] [ 93%] [32m[1mLinking CXX executable turtle_teleop_key[0m
[16.198s] [ 94%] [32m[1mLinking C shared library rosidl_generator_py/turtlesim/libturtlesim__python.so[0m
[16.278s] [ 94%] Built target draw_square
[16.312s] [ 94%] Built target turtlesim__python
[16.333s] [35m[1mScanning dependencies of target turtlesim__rosidl_typesupport_fastrtps_c__pyext[0m
[16.335s] [35m[1mScanning dependencies of target turtlesim__rosidl_typesupport_c__pyext[0m
[16.381s] [ 95%] [32mBuilding C object CMakeFiles/turtlesim__rosidl_typesupport_fastrtps_c__pyext.dir/rosidl_generator_py/turtlesim/_turtlesim_s.ep.rosidl_typesupport_fastrtps_c.c.o[0m
[16.385s] [ 96%] [32mBuilding C object CMakeFiles/turtlesim__rosidl_typesupport_c__pyext.dir/rosidl_generator_py/turtlesim/_turtlesim_s.ep.rosidl_typesupport_c.c.o[0m
[16.582s] [ 96%] Built target turtle_teleop_key
[16.632s] [ 97%] [32m[1mLinking C shared library rosidl_generator_py/turtlesim/turtlesim_s__rosidl_typesupport_fastrtps_c.cpython-36m-x86_64-linux-gnu.so[0m
[16.647s] [ 98%] [32m[1mLinking C shared library rosidl_generator_py/turtlesim/turtlesim_s__rosidl_typesupport_c.cpython-36m-x86_64-linux-gnu.so[0m
[16.740s] [ 98%] Built target turtlesim__rosidl_typesupport_fastrtps_c__pyext
[16.751s] [ 98%] Built target turtlesim__rosidl_typesupport_c__pyext
[20.319s] [100%] [32m[1mLinking CXX executable turtlesim_node[0m
[21.884s] [100%] Built target turtlesim_node
[22.264s] [  1%] Built target turtlesim__cpp
[22.272s] [ 11%] Built target turtlesim__rosidl_generator_c
[22.306s] [ 21%] Built target turtlesim__rosidl_typesupport_introspection_cpp
[22.313s] [ 31%] Built target turtlesim__rosidl_typesupport_fastrtps_cpp
[22.315s] [ 42%] Built target turtlesim__rosidl_typesupport_introspection_c
[22.352s] [ 52%] Built target turtlesim__rosidl_typesupport_cpp
[22.353s] [ 62%] Built target turtlesim__rosidl_typesupport_fastrtps_c
[22.387s] [ 73%] Built target turtlesim__rosidl_typesupport_c
[22.414s] [ 73%] Built target turtlesim
[22.446s] [ 74%] Built target turtlesim__py
[22.450s] [ 78%] Built target draw_square
[22.450s] [ 78%] Built target mimic
[22.452s] [ 80%] Built target turtle_teleop_key
[22.470s] [ 86%] Built target turtlesim_node
[22.484s] [ 95%] Built target turtlesim__python
[22.515s] [100%] Built target turtlesim__rosidl_typesupport_fastrtps_c__pyext
[22.516s] [100%] Built target turtlesim__rosidl_typesupport_c__pyext
[22.537s] [36mInstall the project...[0m
[22.548s] -- Install configuration: ""
[22.549s] -- Installing: /root/dev_ws/install/turtlesim/share/ament_index/resource_index/rosidl_interfaces/turtlesim
[22.549s] -- Installing: /root/dev_ws/install/turtlesim/include/turtlesim
[22.550s] -- Installing: /root/dev_ws/install/turtlesim/include/turtlesim/srv
[22.550s] -- Installing: /root/dev_ws/install/turtlesim/include/turtlesim/srv/teleport_absolute__struct.hpp
[22.550s] -- Installing: /root/dev_ws/install/turtlesim/include/turtlesim/srv/teleport_relative.hpp
[22.551s] -- Installing: /root/dev_ws/install/turtlesim/include/turtlesim/srv/kill.hpp
[22.551s] -- Installing: /root/dev_ws/install/turtlesim/include/turtlesim/srv/spawn__struct.hpp
[22.551s] -- Installing: /root/dev_ws/install/turtlesim/include/turtlesim/srv/set_pen.hpp
[22.552s] -- Installing: /root/dev_ws/install/turtlesim/include/turtlesim/srv/teleport_relative__struct.hpp
[22.552s] -- Installing: /root/dev_ws/install/turtlesim/include/turtlesim/srv/kill__struct.hpp
[22.552s] -- Installing: /root/dev_ws/install/turtlesim/include/turtlesim/srv/kill__traits.hpp
[22.553s] -- Installing: /root/dev_ws/install/turtlesim/include/turtlesim/srv/teleport_absolute__traits.hpp
[22.553s] -- Installing: /root/dev_ws/install/turtlesim/include/turtlesim/srv/set_pen__struct.hpp
[22.553s] -- Installing: /root/dev_ws/install/turtlesim/include/turtlesim/srv/teleport_absolute.hpp
[22.553s] -- Installing: /root/dev_ws/install/turtlesim/include/turtlesim/srv/spawn.hpp
[22.554s] -- Installing: /root/dev_ws/install/turtlesim/include/turtlesim/srv/set_pen__traits.hpp
[22.554s] -- Installing: /root/dev_ws/install/turtlesim/include/turtlesim/srv/teleport_relative__traits.hpp
[22.554s] -- Installing: /root/dev_ws/install/turtlesim/include/turtlesim/srv/spawn__traits.hpp
[22.554s] -- Installing: /root/dev_ws/install/turtlesim/include/turtlesim/msg
[22.555s] -- Installing: /root/dev_ws/install/turtlesim/include/turtlesim/msg/color__struct.hpp
[22.555s] -- Installing: /root/dev_ws/install/turtlesim/include/turtlesim/msg/pose.hpp
[22.555s] -- Installing: /root/dev_ws/install/turtlesim/include/turtlesim/msg/color.hpp
[22.555s] -- Installing: /root/dev_ws/install/turtlesim/include/turtlesim/msg/color__traits.hpp
[22.556s] -- Installing: /root/dev_ws/install/turtlesim/include/turtlesim/msg/pose__traits.hpp
[22.556s] -- Installing: /root/dev_ws/install/turtlesim/include/turtlesim/msg/pose__struct.hpp
[22.556s] -- Installing: /root/dev_ws/install/turtlesim/include/turtlesim/action
[22.556s] -- Installing: /root/dev_ws/install/turtlesim/include/turtlesim/action/rotate_absolute.hpp
[22.557s] -- Installing: /root/dev_ws/install/turtlesim/include/turtlesim/action/rotate_absolute__struct.hpp
[22.557s] -- Installing: /root/dev_ws/install/turtlesim/include/turtlesim/action/rotate_absolute__traits.hpp
[22.557s] -- Up-to-date: /root/dev_ws/install/turtlesim/include/turtlesim
[22.558s] -- Up-to-date: /root/dev_ws/install/turtlesim/include/turtlesim/srv
[22.558s] -- Installing: /root/dev_ws/install/turtlesim/include/turtlesim/srv/set_pen__struct.h
[22.558s] -- Installing: /root/dev_ws/install/turtlesim/include/turtlesim/srv/teleport_absolute__functions.h
[22.558s] -- Installing: /root/dev_ws/install/turtlesim/include/turtlesim/srv/set_pen__functions.c
[22.559s] -- Installing: /root/dev_ws/install/turtlesim/include/turtlesim/srv/kill.h
[22.559s] -- Installing: /root/dev_ws/install/turtlesim/include/turtlesim/srv/teleport_absolute.h
[22.559s] -- Installing: /root/dev_ws/install/turtlesim/include/turtlesim/srv/set_pen.h
[22.559s] -- Installing: /root/dev_ws/install/turtlesim/include/turtlesim/srv/teleport_relative__struct.h
[22.560s] -- Installing: /root/dev_ws/install/turtlesim/include/turtlesim/srv/kill__functions.c
[22.560s] -- Installing: /root/dev_ws/install/turtlesim/include/turtlesim/srv/kill__struct.h
[22.560s] -- Installing: /root/dev_ws/install/turtlesim/include/turtlesim/srv/spawn__functions.c
[22.560s] -- Installing: /root/dev_ws/install/turtlesim/include/turtlesim/srv/teleport_relative__functions.h
[22.560s] -- Installing: /root/dev_ws/install/turtlesim/include/turtlesim/srv/kill__type_support.h
[22.561s] -- Installing: /root/dev_ws/install/turtlesim/include/turtlesim/srv/spawn__functions.h
[22.561s] -- Installing: /root/dev_ws/install/turtlesim/include/turtlesim/srv/spawn.h
[22.561s] -- Installing: /root/dev_ws/install/turtlesim/include/turtlesim/srv/kill__functions.h
[22.561s] -- Installing: /root/dev_ws/install/turtlesim/include/turtlesim/srv/teleport_relative__type_support.h
[22.561s] -- Installing: /root/dev_ws/install/turtlesim/include/turtlesim/srv/teleport_absolute__type_support.h
[22.561s] -- Installing: /root/dev_ws/install/turtlesim/include/turtlesim/srv/teleport_relative.h
[22.562s] -- Installing: /root/dev_ws/install/turtlesim/include/turtlesim/srv/set_pen__type_support.h
[22.562s] -- Installing: /root/dev_ws/install/turtlesim/include/turtlesim/srv/teleport_relative__functions.c
[22.562s] -- Installing: /root/dev_ws/install/turtlesim/include/turtlesim/srv/set_pen__functions.h
[22.562s] -- Installing: /root/dev_ws/install/turtlesim/include/turtlesim/srv/spawn__struct.h
[22.562s] -- Installing: /root/dev_ws/install/turtlesim/include/turtlesim/srv/teleport_absolute__functions.c
[22.563s] -- Installing: /root/dev_ws/install/turtlesim/include/turtlesim/srv/teleport_absolute__struct.h
[22.563s] -- Installing: /root/dev_ws/install/turtlesim/include/turtlesim/srv/spawn__type_support.h
[22.563s] -- Up-to-date: /root/dev_ws/install/turtlesim/include/turtlesim/msg
[22.563s] -- Installing: /root/dev_ws/install/turtlesim/include/turtlesim/msg/color__functions.c
[22.563s] -- Installing: /root/dev_ws/install/turtlesim/include/turtlesim/msg/color__functions.h
[22.564s] -- Installing: /root/dev_ws/install/turtlesim/include/turtlesim/msg/color.h
[22.564s] -- Installing: /root/dev_ws/install/turtlesim/include/turtlesim/msg/pose__functions.c
[22.564s] -- Installing: /root/dev_ws/install/turtlesim/include/turtlesim/msg/pose__type_support.h
[22.564s] -- Installing: /root/dev_ws/install/turtlesim/include/turtlesim/msg/pose.h
[22.565s] -- Installing: /root/dev_ws/install/turtlesim/include/turtlesim/msg/pose__struct.h
[22.565s] -- Installing: /root/dev_ws/install/turtlesim/include/turtlesim/msg/color__type_support.h
[22.565s] -- Installing: /root/dev_ws/install/turtlesim/include/turtlesim/msg/rosidl_generator_c__visibility_control.h
[22.565s] -- Installing: /root/dev_ws/install/turtlesim/include/turtlesim/msg/pose__functions.h
[22.566s] -- Installing: /root/dev_ws/install/turtlesim/include/turtlesim/msg/color__struct.h
[22.566s] -- Up-to-date: /root/dev_ws/install/turtlesim/include/turtlesim/action
[22.566s] -- Installing: /root/dev_ws/install/turtlesim/include/turtlesim/action/rotate_absolute__functions.h
[22.566s] -- Installing: /root/dev_ws/install/turtlesim/include/turtlesim/action/rotate_absolute__functions.c
[22.566s] -- Installing: /root/dev_ws/install/turtlesim/include/turtlesim/action/rotate_absolute__type_support.h
[22.567s] -- Installing: /root/dev_ws/install/turtlesim/include/turtlesim/action/rotate_absolute__struct.h
[22.567s] -- Installing: /root/dev_ws/install/turtlesim/include/turtlesim/action/rotate_absolute.h
[22.567s] -- Installing: /root/dev_ws/install/turtlesim/share/turtlesim/environment/library_path.sh
[22.567s] -- Installing: /root/dev_ws/install/turtlesim/lib/libturtlesim__rosidl_generator_c.so
[22.567s] -- Set runtime path of "/root/dev_ws/install/turtlesim/lib/libturtlesim__rosidl_generator_c.so" to ""
[22.567s] -- Installing: /root/dev_ws/install/turtlesim/lib/libturtlesim__rosidl_typesupport_c.so
[22.568s] -- Set runtime path of "/root/dev_ws/install/turtlesim/lib/libturtlesim__rosidl_typesupport_c.so" to ""
[22.568s] -- Installing: /root/dev_ws/install/turtlesim/lib/libturtlesim__rosidl_typesupport_cpp.so
[22.568s] -- Set runtime path of "/root/dev_ws/install/turtlesim/lib/libturtlesim__rosidl_typesupport_cpp.so" to ""
[22.568s] -- Up-to-date: /root/dev_ws/install/turtlesim/include/turtlesim
[22.568s] -- Up-to-date: /root/dev_ws/install/turtlesim/include/turtlesim/srv
[22.568s] -- Installing: /root/dev_ws/install/turtlesim/include/turtlesim/srv/teleport_relative__type_support.c
[22.569s] -- Installing: /root/dev_ws/install/turtlesim/include/turtlesim/srv/teleport_absolute__rosidl_typesupport_introspection_c.h
[22.569s] -- Installing: /root/dev_ws/install/turtlesim/include/turtlesim/srv/teleport_relative__rosidl_typesupport_introspection_c.h
[22.569s] -- Installing: /root/dev_ws/install/turtlesim/include/turtlesim/srv/kill__rosidl_typesupport_introspection_c.h
[22.569s] -- Installing: /root/dev_ws/install/turtlesim/include/turtlesim/srv/teleport_absolute__type_support.c
[22.570s] -- Installing: /root/dev_ws/install/turtlesim/include/turtlesim/srv/spawn__type_support.c
[22.570s] -- Installing: /root/dev_ws/install/turtlesim/include/turtlesim/srv/spawn__rosidl_typesupport_introspection_c.h
[22.570s] -- Installing: /root/dev_ws/install/turtlesim/include/turtlesim/srv/set_pen__rosidl_typesupport_introspection_c.h
[22.570s] -- Installing: /root/dev_ws/install/turtlesim/include/turtlesim/srv/kill__type_support.c
[22.570s] -- Installing: /root/dev_ws/install/turtlesim/include/turtlesim/srv/set_pen__type_support.c
[22.571s] -- Up-to-date: /root/dev_ws/install/turtlesim/include/turtlesim/msg
[22.571s] -- Installing: /root/dev_ws/install/turtlesim/include/turtlesim/msg/color__rosidl_typesupport_introspection_c.h
[22.571s] -- Installing: /root/dev_ws/install/turtlesim/include/turtlesim/msg/rosidl_typesupport_introspection_c__visibility_control.h
[22.572s] -- Installing: /root/dev_ws/install/turtlesim/include/turtlesim/msg/color__type_support.c
[22.572s] -- Installing: /root/dev_ws/install/turtlesim/include/turtlesim/msg/pose__type_support.c
[22.572s] -- Installing: /root/dev_ws/install/turtlesim/include/turtlesim/msg/pose__rosidl_typesupport_introspection_c.h
[22.572s] -- Up-to-date: /root/dev_ws/install/turtlesim/include/turtlesim/action
[22.572s] -- Installing: /root/dev_ws/install/turtlesim/include/turtlesim/action/rotate_absolute__rosidl_typesupport_introspection_c.h
[22.572s] -- Installing: /root/dev_ws/install/turtlesim/include/turtlesim/action/rotate_absolute__type_support.c
[22.572s] -- Installing: /root/dev_ws/install/turtlesim/lib/libturtlesim__rosidl_typesupport_introspection_c.so
[22.573s] -- Set runtime path of "/root/dev_ws/install/turtlesim/lib/libturtlesim__rosidl_typesupport_introspection_c.so" to ""
[22.573s] -- Up-to-date: /root/dev_ws/install/turtlesim/include/turtlesim
[22.573s] -- Up-to-date: /root/dev_ws/install/turtlesim/include/turtlesim/srv
[22.573s] -- Installing: /root/dev_ws/install/turtlesim/include/turtlesim/srv/set_pen__type_support.cpp
[22.573s] -- Installing: /root/dev_ws/install/turtlesim/include/turtlesim/srv/teleport_relative__rosidl_typesupport_introspection_cpp.hpp
[22.573s] -- Installing: /root/dev_ws/install/turtlesim/include/turtlesim/srv/set_pen__rosidl_typesupport_introspection_cpp.hpp
[22.574s] -- Installing: /root/dev_ws/install/turtlesim/include/turtlesim/srv/teleport_absolute__rosidl_typesupport_introspection_cpp.hpp
[22.574s] -- Installing: /root/dev_ws/install/turtlesim/include/turtlesim/srv/spawn__type_support.cpp
[22.574s] -- Installing: /root/dev_ws/install/turtlesim/include/turtlesim/srv/teleport_relative__type_support.cpp
[22.574s] -- Installing: /root/dev_ws/install/turtlesim/include/turtlesim/srv/spawn__rosidl_typesupport_introspection_cpp.hpp
[22.574s] -- Installing: /root/dev_ws/install/turtlesim/include/turtlesim/srv/kill__rosidl_typesupport_introspection_cpp.hpp
[22.575s] -- Installing: /root/dev_ws/install/turtlesim/include/turtlesim/srv/teleport_absolute__type_support.cpp
[22.575s] -- Installing: /root/dev_ws/install/turtlesim/include/turtlesim/srv/kill__type_support.cpp
[22.575s] -- Up-to-date: /root/dev_ws/install/turtlesim/include/turtlesim/msg
[22.575s] -- Installing: /root/dev_ws/install/turtlesim/include/turtlesim/msg/color__rosidl_typesupport_introspection_cpp.hpp
[22.576s] -- Installing: /root/dev_ws/install/turtlesim/include/turtlesim/msg/pose__rosidl_typesupport_introspection_cpp.hpp
[22.576s] -- Installing: /root/dev_ws/install/turtlesim/include/turtlesim/msg/pose__type_support.cpp
[22.576s] -- Installing: /root/dev_ws/install/turtlesim/include/turtlesim/msg/color__type_support.cpp
[22.576s] -- Up-to-date: /root/dev_ws/install/turtlesim/include/turtlesim/action
[22.576s] -- Installing: /root/dev_ws/install/turtlesim/include/turtlesim/action/rotate_absolute__rosidl_typesupport_introspection_cpp.hpp
[22.576s] -- Installing: /root/dev_ws/install/turtlesim/include/turtlesim/action/rotate_absolute__type_support.cpp
[22.577s] -- Installing: /root/dev_ws/install/turtlesim/lib/libturtlesim__rosidl_typesupport_introspection_cpp.so
[22.577s] -- Set runtime path of "/root/dev_ws/install/turtlesim/lib/libturtlesim__rosidl_typesupport_introspection_cpp.so" to ""
[22.577s] -- Up-to-date: /root/dev_ws/install/turtlesim/include/turtlesim
[22.577s] -- Up-to-date: /root/dev_ws/install/turtlesim/include/turtlesim/srv
[22.578s] -- Installing: /root/dev_ws/install/turtlesim/include/turtlesim/srv/teleport_relative__rosidl_typesupport_fastrtps_c.h
[22.578s] -- Installing: /root/dev_ws/install/turtlesim/include/turtlesim/srv/teleport_absolute__rosidl_typesupport_fastrtps_c.h
[22.578s] -- Installing: /root/dev_ws/install/turtlesim/include/turtlesim/srv/spawn__rosidl_typesupport_fastrtps_c.h
[22.578s] -- Installing: /root/dev_ws/install/turtlesim/include/turtlesim/srv/kill__rosidl_typesupport_fastrtps_c.h
[22.579s] -- Installing: /root/dev_ws/install/turtlesim/include/turtlesim/srv/set_pen__rosidl_typesupport_fastrtps_c.h
[22.579s] -- Up-to-date: /root/dev_ws/install/turtlesim/include/turtlesim/msg
[22.579s] -- Installing: /root/dev_ws/install/turtlesim/include/turtlesim/msg/pose__rosidl_typesupport_fastrtps_c.h
[22.579s] -- Installing: /root/dev_ws/install/turtlesim/include/turtlesim/msg/rosidl_typesupport_fastrtps_c__visibility_control.h
[22.579s] -- Installing: /root/dev_ws/install/turtlesim/include/turtlesim/msg/color__rosidl_typesupport_fastrtps_c.h
[22.579s] -- Up-to-date: /root/dev_ws/install/turtlesim/include/turtlesim/action
[22.580s] -- Installing: /root/dev_ws/install/turtlesim/include/turtlesim/action/rotate_absolute__rosidl_typesupport_fastrtps_c.h
[22.580s] -- Installing: /root/dev_ws/install/turtlesim/lib/libturtlesim__rosidl_typesupport_fastrtps_c.so
[22.580s] -- Set runtime path of "/root/dev_ws/install/turtlesim/lib/libturtlesim__rosidl_typesupport_fastrtps_c.so" to ""
[22.580s] -- Up-to-date: /root/dev_ws/install/turtlesim/include/turtlesim
[22.580s] -- Up-to-date: /root/dev_ws/install/turtlesim/include/turtlesim/srv
[22.581s] -- Installing: /root/dev_ws/install/turtlesim/include/turtlesim/srv/teleport_relative__rosidl_typesupport_fastrtps_cpp.hpp
[22.581s] -- Installing: /root/dev_ws/install/turtlesim/include/turtlesim/srv/set_pen__rosidl_typesupport_fastrtps_cpp.hpp
[22.581s] -- Installing: /root/dev_ws/install/turtlesim/include/turtlesim/srv/dds_fastrtps
[22.581s] -- Installing: /root/dev_ws/install/turtlesim/include/turtlesim/srv/kill__rosidl_typesupport_fastrtps_cpp.hpp
[22.581s] -- Installing: /root/dev_ws/install/turtlesim/include/turtlesim/srv/teleport_absolute__rosidl_typesupport_fastrtps_cpp.hpp
[22.581s] -- Installing: /root/dev_ws/install/turtlesim/include/turtlesim/srv/spawn__rosidl_typesupport_fastrtps_cpp.hpp
[22.581s] -- Up-to-date: /root/dev_ws/install/turtlesim/include/turtlesim/msg
[22.581s] -- Installing: /root/dev_ws/install/turtlesim/include/turtlesim/msg/pose__rosidl_typesupport_fastrtps_cpp.hpp
[22.581s] -- Installing: /root/dev_ws/install/turtlesim/include/turtlesim/msg/rosidl_typesupport_fastrtps_cpp__visibility_control.h
[22.581s] -- Installing: /root/dev_ws/install/turtlesim/include/turtlesim/msg/color__rosidl_typesupport_fastrtps_cpp.hpp
[22.581s] -- Installing: /root/dev_ws/install/turtlesim/include/turtlesim/msg/dds_fastrtps
[22.582s] -- Up-to-date: /root/dev_ws/install/turtlesim/include/turtlesim/action
[22.582s] -- Installing: /root/dev_ws/install/turtlesim/include/turtlesim/action/rotate_absolute__rosidl_typesupport_fastrtps_cpp.hpp
[22.582s] -- Installing: /root/dev_ws/install/turtlesim/include/turtlesim/action/dds_fastrtps
[22.582s] -- Installing: /root/dev_ws/install/turtlesim/lib/libturtlesim__rosidl_typesupport_fastrtps_cpp.so
[22.582s] -- Set runtime path of "/root/dev_ws/install/turtlesim/lib/libturtlesim__rosidl_typesupport_fastrtps_cpp.so" to ""
[22.582s] -- Installing: /root/dev_ws/install/turtlesim/share/turtlesim/environment/pythonpath.sh
[22.582s] -- Installing: /root/dev_ws/install/turtlesim/lib/python3.6/site-packages/turtlesim/__init__.py
[22.635s] Compiling '/root/dev_ws/install/turtlesim/lib/python3.6/site-packages/turtlesim/__init__.py'...
[22.639s] -- Installing: /root/dev_ws/install/turtlesim/lib/python3.6/site-packages/turtlesim/action
[22.639s] -- Installing: /root/dev_ws/install/turtlesim/lib/python3.6/site-packages/turtlesim/action/_rotate_absolute.py
[22.640s] -- Installing: /root/dev_ws/install/turtlesim/lib/python3.6/site-packages/turtlesim/action/_rotate_absolute_s.c
[22.640s] -- Installing: /root/dev_ws/install/turtlesim/lib/python3.6/site-packages/turtlesim/action/__init__.py
[22.640s] -- Installing: /root/dev_ws/install/turtlesim/lib/python3.6/site-packages/turtlesim/msg
[22.640s] -- Installing: /root/dev_ws/install/turtlesim/lib/python3.6/site-packages/turtlesim/msg/_color_s.c
[22.640s] -- Installing: /root/dev_ws/install/turtlesim/lib/python3.6/site-packages/turtlesim/msg/_pose_s.c
[22.640s] -- Installing: /root/dev_ws/install/turtlesim/lib/python3.6/site-packages/turtlesim/msg/_pose.py
[22.641s] -- Installing: /root/dev_ws/install/turtlesim/lib/python3.6/site-packages/turtlesim/msg/__init__.py
[22.641s] -- Installing: /root/dev_ws/install/turtlesim/lib/python3.6/site-packages/turtlesim/msg/_color.py
[22.641s] -- Installing: /root/dev_ws/install/turtlesim/lib/python3.6/site-packages/turtlesim/srv
[22.642s] -- Installing: /root/dev_ws/install/turtlesim/lib/python3.6/site-packages/turtlesim/srv/_set_pen.py
[22.642s] -- Installing: /root/dev_ws/install/turtlesim/lib/python3.6/site-packages/turtlesim/srv/_teleport_absolute_s.c
[22.642s] -- Installing: /root/dev_ws/install/turtlesim/lib/python3.6/site-packages/turtlesim/srv/_teleport_relative_s.c
[22.642s] -- Installing: /root/dev_ws/install/turtlesim/lib/python3.6/site-packages/turtlesim/srv/_teleport_absolute.py
[22.642s] -- Installing: /root/dev_ws/install/turtlesim/lib/python3.6/site-packages/turtlesim/srv/_spawn_s.c
[22.643s] -- Installing: /root/dev_ws/install/turtlesim/lib/python3.6/site-packages/turtlesim/srv/_kill_s.c
[22.643s] -- Installing: /root/dev_ws/install/turtlesim/lib/python3.6/site-packages/turtlesim/srv/_spawn.py
[22.643s] -- Installing: /root/dev_ws/install/turtlesim/lib/python3.6/site-packages/turtlesim/srv/_kill.py
[22.643s] -- Installing: /root/dev_ws/install/turtlesim/lib/python3.6/site-packages/turtlesim/srv/_teleport_relative.py
[22.643s] -- Installing: /root/dev_ws/install/turtlesim/lib/python3.6/site-packages/turtlesim/srv/_set_pen_s.c
[22.643s] -- Installing: /root/dev_ws/install/turtlesim/lib/python3.6/site-packages/turtlesim/srv/__init__.py
[22.643s] -- Installing: /root/dev_ws/install/turtlesim/lib/python3.6/site-packages/turtlesim/turtlesim_s__rosidl_typesupport_c.cpython-36m-x86_64-linux-gnu.so
[22.644s] -- Set runtime path of "/root/dev_ws/install/turtlesim/lib/python3.6/site-packages/turtlesim/turtlesim_s__rosidl_typesupport_c.cpython-36m-x86_64-linux-gnu.so" to ""
[22.644s] -- Installing: /root/dev_ws/install/turtlesim/lib/python3.6/site-packages/turtlesim/turtlesim_s__rosidl_typesupport_fastrtps_c.cpython-36m-x86_64-linux-gnu.so
[22.645s] -- Set runtime path of "/root/dev_ws/install/turtlesim/lib/python3.6/site-packages/turtlesim/turtlesim_s__rosidl_typesupport_fastrtps_c.cpython-36m-x86_64-linux-gnu.so" to ""
[22.645s] -- Installing: /root/dev_ws/install/turtlesim/lib/libturtlesim__python.so
[22.645s] -- Set runtime path of "/root/dev_ws/install/turtlesim/lib/libturtlesim__python.so" to ""
[22.646s] -- Installing: /root/dev_ws/install/turtlesim/share/turtlesim/action/RotateAbsolute.idl
[22.646s] -- Installing: /root/dev_ws/install/turtlesim/share/turtlesim/msg/Color.idl
[22.646s] -- Installing: /root/dev_ws/install/turtlesim/share/turtlesim/msg/Pose.idl
[22.646s] -- Installing: /root/dev_ws/install/turtlesim/share/turtlesim/srv/Kill.idl
[22.647s] -- Installing: /root/dev_ws/install/turtlesim/share/turtlesim/srv/SetPen.idl
[22.647s] -- Installing: /root/dev_ws/install/turtlesim/share/turtlesim/srv/Spawn.idl
[22.647s] -- Installing: /root/dev_ws/install/turtlesim/share/turtlesim/srv/TeleportAbsolute.idl
[22.648s] -- Installing: /root/dev_ws/install/turtlesim/share/turtlesim/srv/TeleportRelative.idl
[22.648s] -- Installing: /root/dev_ws/install/turtlesim/share/turtlesim/action/RotateAbsolute.action
[22.648s] -- Installing: /root/dev_ws/install/turtlesim/share/turtlesim/msg/Color.msg
[22.648s] -- Installing: /root/dev_ws/install/turtlesim/share/turtlesim/msg/Pose.msg
[22.649s] -- Installing: /root/dev_ws/install/turtlesim/share/turtlesim/srv/Kill.srv
[22.649s] -- Installing: /root/dev_ws/install/turtlesim/share/turtlesim/srv/Kill_Request.msg
[22.649s] -- Installing: /root/dev_ws/install/turtlesim/share/turtlesim/srv/Kill_Response.msg
[22.649s] -- Installing: /root/dev_ws/install/turtlesim/share/turtlesim/srv/SetPen.srv
[22.650s] -- Installing: /root/dev_ws/install/turtlesim/share/turtlesim/srv/SetPen_Request.msg
[22.650s] -- Installing: /root/dev_ws/install/turtlesim/share/turtlesim/srv/SetPen_Response.msg
[22.650s] -- Installing: /root/dev_ws/install/turtlesim/share/turtlesim/srv/Spawn.srv
[22.650s] -- Installing: /root/dev_ws/install/turtlesim/share/turtlesim/srv/Spawn_Request.msg
[22.651s] -- Installing: /root/dev_ws/install/turtlesim/share/turtlesim/srv/Spawn_Response.msg
[22.651s] -- Installing: /root/dev_ws/install/turtlesim/share/turtlesim/srv/TeleportAbsolute.srv
[22.651s] -- Installing: /root/dev_ws/install/turtlesim/share/turtlesim/srv/TeleportAbsolute_Request.msg
[22.651s] -- Installing: /root/dev_ws/install/turtlesim/share/turtlesim/srv/TeleportAbsolute_Response.msg
[22.652s] -- Installing: /root/dev_ws/install/turtlesim/share/turtlesim/srv/TeleportRelative.srv
[22.652s] -- Installing: /root/dev_ws/install/turtlesim/share/turtlesim/srv/TeleportRelative_Request.msg
[22.652s] -- Installing: /root/dev_ws/install/turtlesim/share/turtlesim/srv/TeleportRelative_Response.msg
[22.653s] -- Installing: /root/dev_ws/install/turtlesim/lib/turtlesim/turtlesim_node
[22.656s] -- Set runtime path of "/root/dev_ws/install/turtlesim/lib/turtlesim/turtlesim_node" to ""
[22.656s] -- Installing: /root/dev_ws/install/turtlesim/lib/turtlesim/turtle_teleop_key
[22.658s] -- Set runtime path of "/root/dev_ws/install/turtlesim/lib/turtlesim/turtle_teleop_key" to ""
[22.658s] -- Installing: /root/dev_ws/install/turtlesim/lib/turtlesim/draw_square
[22.660s] -- Set runtime path of "/root/dev_ws/install/turtlesim/lib/turtlesim/draw_square" to ""
[22.660s] -- Installing: /root/dev_ws/install/turtlesim/lib/turtlesim/mimic
[22.661s] -- Set runtime path of "/root/dev_ws/install/turtlesim/lib/turtlesim/mimic" to ""
[22.661s] -- Installing: /root/dev_ws/install/turtlesim/share/turtlesim/images
[22.662s] -- Installing: /root/dev_ws/install/turtlesim/share/turtlesim/images/bouncy.png
[22.662s] -- Installing: /root/dev_ws/install/turtlesim/share/turtlesim/images/eloquent.png
[22.662s] -- Installing: /root/dev_ws/install/turtlesim/share/turtlesim/images/crystal.png
[22.662s] -- Installing: /root/dev_ws/install/turtlesim/share/turtlesim/images/dashing.png
[22.663s] -- Installing: /root/dev_ws/install/turtlesim/share/turtlesim/images/ardent.png
[22.663s] -- Installing: /root/dev_ws/install/turtlesim/share/turtlesim/launch
[22.663s] -- Installing: /root/dev_ws/install/turtlesim/share/turtlesim/launch/multisim.launch.py
[22.663s] -- Installing: /root/dev_ws/install/turtlesim/share/ament_index/resource_index/package_run_dependencies/turtlesim
[22.664s] -- Installing: /root/dev_ws/install/turtlesim/share/ament_index/resource_index/parent_prefix_path/turtlesim
[22.664s] -- Installing: /root/dev_ws/install/turtlesim/share/turtlesim/environment/ament_prefix_path.sh
[22.664s] -- Installing: /root/dev_ws/install/turtlesim/share/turtlesim/environment/path.sh
[22.665s] -- Installing: /root/dev_ws/install/turtlesim/share/turtlesim/local_setup.bash
[22.665s] -- Installing: /root/dev_ws/install/turtlesim/share/turtlesim/local_setup.sh
[22.665s] -- Installing: /root/dev_ws/install/turtlesim/share/turtlesim/local_setup.zsh
[22.666s] -- Installing: /root/dev_ws/install/turtlesim/share/ament_index/resource_index/packages/turtlesim
[22.666s] -- Installing: /root/dev_ws/install/turtlesim/share/turtlesim/cmake/rosidl_cmake-extras.cmake
[22.666s] -- Installing: /root/dev_ws/install/turtlesim/share/turtlesim/cmake/ament_cmake_export_dependencies-extras.cmake
[22.667s] -- Installing: /root/dev_ws/install/turtlesim/share/turtlesim/cmake/ament_cmake_export_include_directories-extras.cmake
[22.667s] -- Installing: /root/dev_ws/install/turtlesim/share/turtlesim/cmake/ament_cmake_export_libraries-extras.cmake
[22.667s] -- Installing: /root/dev_ws/install/turtlesim/share/turtlesim/cmake/turtlesimConfig.cmake
[22.667s] -- Installing: /root/dev_ws/install/turtlesim/share/turtlesim/cmake/turtlesimConfig-version.cmake
[22.668s] -- Installing: /root/dev_ws/install/turtlesim/share/turtlesim/package.xml
