[1.641s] running egg_info
[1.642s] writing /root/dev_ws/build/ros2server/ros2server.egg-info/PKG-INFO
[1.643s] writing dependency_links to /root/dev_ws/build/ros2server/ros2server.egg-info/dependency_links.txt
[1.643s] writing entry points to /root/dev_ws/build/ros2server/ros2server.egg-info/entry_points.txt
[1.644s] writing requirements to /root/dev_ws/build/ros2server/ros2server.egg-info/requires.txt
[1.644s] writing top-level names to /root/dev_ws/build/ros2server/ros2server.egg-info/top_level.txt
[1.682s] reading manifest file '/root/dev_ws/build/ros2server/ros2server.egg-info/SOURCES.txt'
[1.683s] writing manifest file '/root/dev_ws/build/ros2server/ros2server.egg-info/SOURCES.txt'
[1.684s] running build
[1.684s] running build_py
[1.685s] copying ros2server/comm.py -> /root/dev_ws/build/ros2server/build/lib/ros2server
[1.685s] running install
[1.686s] running install_lib
[1.686s] copying /root/dev_ws/build/ros2server/build/lib/ros2server/comm.py -> /root/dev_ws/install/ros2server/lib/python3.6/site-packages/ros2server
[1.686s] byte-compiling /root/dev_ws/install/ros2server/lib/python3.6/site-packages/ros2server/comm.py to comm.cpython-36.pyc
[1.687s] running install_data
[1.687s] running install_egg_info
[1.689s] removing '/root/dev_ws/install/ros2server/lib/python3.6/site-packages/ros2server-0.0.0-py3.6.egg-info' (and everything under it)
[1.689s] Copying /root/dev_ws/build/ros2server/ros2server.egg-info to /root/dev_ws/install/ros2server/lib/python3.6/site-packages/ros2server-0.0.0-py3.6.egg-info
[1.690s] running install_scripts
[1.710s] Installing serverRun script to /root/dev_ws/install/ros2server/lib/ros2server
[1.710s] writing list of installed files to '/root/dev_ws/build/ros2server/install.log'
