[0.985s] running egg_info
[0.985s] creating /root/dev_ws/build/ros2client/ros2client.egg-info
[0.985s] writing /root/dev_ws/build/ros2client/ros2client.egg-info/PKG-INFO
[0.986s] writing dependency_links to /root/dev_ws/build/ros2client/ros2client.egg-info/dependency_links.txt
[0.986s] writing entry points to /root/dev_ws/build/ros2client/ros2client.egg-info/entry_points.txt
[0.987s] writing requirements to /root/dev_ws/build/ros2client/ros2client.egg-info/requires.txt
[0.987s] writing top-level names to /root/dev_ws/build/ros2client/ros2client.egg-info/top_level.txt
[0.987s] writing manifest file '/root/dev_ws/build/ros2client/ros2client.egg-info/SOURCES.txt'
[1.025s] reading manifest file '/root/dev_ws/build/ros2client/ros2client.egg-info/SOURCES.txt'
[1.027s] writing manifest file '/root/dev_ws/build/ros2client/ros2client.egg-info/SOURCES.txt'
[1.027s] running build
[1.027s] running build_py
[1.027s] creating /root/dev_ws/build/ros2client/build
[1.028s] creating /root/dev_ws/build/ros2client/build/lib
[1.028s] creating /root/dev_ws/build/ros2client/build/lib/ros2client
[1.028s] copying ros2client/clientRun.py -> /root/dev_ws/build/ros2client/build/lib/ros2client
[1.029s] copying ros2client/__init__.py -> /root/dev_ws/build/ros2client/build/lib/ros2client
[1.029s] copying ros2client/comm.py -> /root/dev_ws/build/ros2client/build/lib/ros2client
[1.029s] running install
[1.030s] running install_lib
[1.032s] creating /root/dev_ws/install/ros2client/lib/python3.6/site-packages/ros2client
[1.032s] copying /root/dev_ws/build/ros2client/build/lib/ros2client/clientRun.py -> /root/dev_ws/install/ros2client/lib/python3.6/site-packages/ros2client
[1.032s] copying /root/dev_ws/build/ros2client/build/lib/ros2client/__init__.py -> /root/dev_ws/install/ros2client/lib/python3.6/site-packages/ros2client
[1.033s] copying /root/dev_ws/build/ros2client/build/lib/ros2client/comm.py -> /root/dev_ws/install/ros2client/lib/python3.6/site-packages/ros2client
[1.033s] byte-compiling /root/dev_ws/install/ros2client/lib/python3.6/site-packages/ros2client/clientRun.py to clientRun.cpython-36.pyc
[1.033s] byte-compiling /root/dev_ws/install/ros2client/lib/python3.6/site-packages/ros2client/__init__.py to __init__.cpython-36.pyc
[1.033s] byte-compiling /root/dev_ws/install/ros2client/lib/python3.6/site-packages/ros2client/comm.py to comm.cpython-36.pyc
[1.034s] running install_data
[1.035s] creating /root/dev_ws/install/ros2client/share/ament_index
[1.035s] creating /root/dev_ws/install/ros2client/share/ament_index/resource_index
[1.035s] creating /root/dev_ws/install/ros2client/share/ament_index/resource_index/packages
[1.035s] copying resource/ros2client -> /root/dev_ws/install/ros2client/share/ament_index/resource_index/packages
[1.036s] copying package.xml -> /root/dev_ws/install/ros2client/share/ros2client
[1.036s] running install_egg_info
[1.038s] Copying /root/dev_ws/build/ros2client/ros2client.egg-info to /root/dev_ws/install/ros2client/lib/python3.6/site-packages/ros2client-0.0.0-py3.6.egg-info
[1.039s] running install_scripts
[1.063s] Installing clientRun script to /root/dev_ws/install/ros2client/lib/ros2client
[1.064s] writing list of installed files to '/root/dev_ws/build/ros2client/install.log'
