[1.128s] Invoking command in '/root/dev_ws/src/ros2comm/ros2server': PYTHONPATH=/root/dev_ws/install/ros2server/lib/python3.6/site-packages:${PYTHONPATH} /usr/bin/python3 setup.py egg_info --egg-base /root/dev_ws/build/ros2server build --build-base /root/dev_ws/build/ros2server/build install --prefix /root/dev_ws/install/ros2server --record /root/dev_ws/build/ros2server/install.log --single-version-externally-managed
[1.367s] running egg_info
[1.368s] writing /root/dev_ws/build/ros2server/ros2server.egg-info/PKG-INFO
[1.369s] writing dependency_links to /root/dev_ws/build/ros2server/ros2server.egg-info/dependency_links.txt
[1.369s] writing entry points to /root/dev_ws/build/ros2server/ros2server.egg-info/entry_points.txt
[1.370s] writing requirements to /root/dev_ws/build/ros2server/ros2server.egg-info/requires.txt
[1.370s] writing top-level names to /root/dev_ws/build/ros2server/ros2server.egg-info/top_level.txt
[1.410s] reading manifest file '/root/dev_ws/build/ros2server/ros2server.egg-info/SOURCES.txt'
[1.412s] writing manifest file '/root/dev_ws/build/ros2server/ros2server.egg-info/SOURCES.txt'
[1.412s] running build
[1.413s] running build_py
[1.413s] copying ros2server/serverRun.py -> /root/dev_ws/build/ros2server/build/lib/ros2server
[1.413s] copying ros2server/comm.py -> /root/dev_ws/build/ros2server/build/lib/ros2server
[1.414s] running install
[1.414s] running install_lib
[1.416s] copying /root/dev_ws/build/ros2server/build/lib/ros2server/serverRun.py -> /root/dev_ws/install/ros2server/lib/python3.6/site-packages/ros2server
[1.416s] copying /root/dev_ws/build/ros2server/build/lib/ros2server/comm.py -> /root/dev_ws/install/ros2server/lib/python3.6/site-packages/ros2server
[1.416s] byte-compiling /root/dev_ws/install/ros2server/lib/python3.6/site-packages/ros2server/serverRun.py to serverRun.cpython-36.pyc
[1.417s] byte-compiling /root/dev_ws/install/ros2server/lib/python3.6/site-packages/ros2server/comm.py to comm.cpython-36.pyc
[1.417s] running install_data
[1.418s] running install_egg_info
[1.420s] removing '/root/dev_ws/install/ros2server/lib/python3.6/site-packages/ros2server-0.0.0-py3.6.egg-info' (and everything under it)
[1.421s] Copying /root/dev_ws/build/ros2server/ros2server.egg-info to /root/dev_ws/install/ros2server/lib/python3.6/site-packages/ros2server-0.0.0-py3.6.egg-info
[1.423s] running install_scripts
[1.442s] Installing serverRun script to /root/dev_ws/install/ros2server/lib/ros2server
[1.443s] writing list of installed files to '/root/dev_ws/build/ros2server/install.log'
[1.467s] Invoked command in '/root/dev_ws/src/ros2comm/ros2server' returned '0': PYTHONPATH=/root/dev_ws/install/ros2server/lib/python3.6/site-packages:${PYTHONPATH} /usr/bin/python3 setup.py egg_info --egg-base /root/dev_ws/build/ros2server build --build-base /root/dev_ws/build/ros2server/build install --prefix /root/dev_ws/install/ros2server --record /root/dev_ws/build/ros2server/install.log --single-version-externally-managed
