[0.245s] DEBUG:colcon:Command line arguments: ['/usr/bin/colcon', 'build']
[0.246s] DEBUG:colcon:Parsed command line arguments: Namespace(ament_cmake_args=None, base_paths=['.'], build_base='build', catkin_cmake_args=None, catkin_skip_building_tests=False, cmake_args=None, cmake_clean_cache=False, cmake_clean_first=False, cmake_force_configure=False, cmake_target=None, cmake_target_skip_unavailable=False, continue_on_error=False, event_handlers=None, executor='parallel', ignore_user_meta=False, install_base='install', log_base=None, log_level=None, main=<bound method BuildVerb.main of <colcon_core.verb.build.BuildVerb object at 0x7f713f6ce1d0>>, merge_install=False, metas=['./colcon.meta'], mixin=None, mixin_files=None, mixin_verb=('build',), packages_above=None, packages_above_depth=None, packages_end=None, packages_ignore=None, packages_ignore_regex=None, packages_select=None, packages_select_build_failed=False, packages_select_by_dep=None, packages_select_regex=None, packages_select_test_failures=False, packages_skip=None, packages_skip_build_finished=False, packages_skip_by_dep=None, packages_skip_regex=None, packages_skip_test_passed=False, packages_skip_up_to=None, packages_start=None, packages_up_to=None, parallel_workers=6, paths=None, symlink_install=False, test_result_base=None, verb_extension=<colcon_core.verb.build.BuildVerb object at 0x7f713f6ce1d0>, verb_name='build', verb_parser=<colcon_mixin.mixin.mixin_argument.MixinArgumentDecorator object at 0x7f713f6ce5c0>)
[0.302s] Level 1:colcon.colcon_core.package_discovery:discover_packages(colcon_meta) check parameters
[0.304s] INFO:colcon.colcon_metadata.package_discovery.colcon_meta:Using configuration from '/root/.colcon/metadata/default/Gazebo.meta'
[0.304s] INFO:colcon.colcon_metadata.package_discovery.colcon_meta:Using configuration from '/root/.colcon/metadata/default/fastrtps.meta'
[0.305s] Level 1:colcon.colcon_core.package_discovery:discover_packages(recursive) check parameters
[0.305s] Level 1:colcon.colcon_core.package_discovery:discover_packages(ignore) check parameters
[0.305s] Level 1:colcon.colcon_core.package_discovery:discover_packages(path) check parameters
[0.305s] Level 1:colcon.colcon_core.package_discovery:discover_packages(colcon_meta) discover
[0.305s] Level 1:colcon.colcon_core.package_discovery:discover_packages(recursive) discover
[0.305s] INFO:colcon.colcon_core.package_discovery:Crawling recursively for packages in '/root/dev_ws'
[0.306s] Level 1:colcon.colcon_core.package_identification:_identify(.) by extensions ['ignore', 'ignore_ament_install']
[0.306s] Level 1:colcon.colcon_core.package_identification:_identify(.) by extension 'ignore'
[0.306s] Level 1:colcon.colcon_core.package_identification:_identify(.) by extension 'ignore_ament_install'
[0.306s] Level 1:colcon.colcon_core.package_identification:_identify(.) by extensions ['colcon_pkg']
[0.306s] Level 1:colcon.colcon_core.package_identification:_identify(.) by extension 'colcon_pkg'
[0.306s] Level 1:colcon.colcon_core.package_identification:_identify(.) by extensions ['colcon_meta']
[0.306s] Level 1:colcon.colcon_core.package_identification:_identify(.) by extension 'colcon_meta'
[0.306s] Level 1:colcon.colcon_core.package_identification:_identify(.) by extensions ['ros']
[0.306s] Level 1:colcon.colcon_core.package_identification:_identify(.) by extension 'ros'
[0.324s] Level 1:colcon.colcon_core.package_identification:_identify(.) by extensions ['cmake', 'python']
[0.324s] Level 1:colcon.colcon_core.package_identification:_identify(.) by extension 'cmake'
[0.324s] Level 1:colcon.colcon_core.package_identification:_identify(.) by extension 'python'
[0.324s] Level 1:colcon.colcon_core.package_identification:_identify(.) by extensions ['python_setup_py']
[0.324s] Level 1:colcon.colcon_core.package_identification:_identify(.) by extension 'python_setup_py'
[0.324s] Level 1:colcon.colcon_core.package_identification:_identify(build) by extensions ['ignore', 'ignore_ament_install']
[0.324s] Level 1:colcon.colcon_core.package_identification:_identify(build) by extension 'ignore'
[0.325s] Level 1:colcon.colcon_core.package_identification:_identify(build) ignored
[0.325s] Level 1:colcon.colcon_core.package_identification:_identify(install) by extensions ['ignore', 'ignore_ament_install']
[0.325s] Level 1:colcon.colcon_core.package_identification:_identify(install) by extension 'ignore'
[0.325s] Level 1:colcon.colcon_core.package_identification:_identify(install) ignored
[0.326s] Level 1:colcon.colcon_core.package_identification:_identify(log) by extensions ['ignore', 'ignore_ament_install']
[0.326s] Level 1:colcon.colcon_core.package_identification:_identify(log) by extension 'ignore'
[0.326s] Level 1:colcon.colcon_core.package_identification:_identify(log) ignored
[0.326s] Level 1:colcon.colcon_core.package_identification:_identify(src) by extensions ['ignore', 'ignore_ament_install']
[0.326s] Level 1:colcon.colcon_core.package_identification:_identify(src) by extension 'ignore'
[0.326s] Level 1:colcon.colcon_core.package_identification:_identify(src) by extension 'ignore_ament_install'
[0.326s] Level 1:colcon.colcon_core.package_identification:_identify(src) by extensions ['colcon_pkg']
[0.327s] Level 1:colcon.colcon_core.package_identification:_identify(src) by extension 'colcon_pkg'
[0.327s] Level 1:colcon.colcon_core.package_identification:_identify(src) by extensions ['colcon_meta']
[0.327s] Level 1:colcon.colcon_core.package_identification:_identify(src) by extension 'colcon_meta'
[0.327s] Level 1:colcon.colcon_core.package_identification:_identify(src) by extensions ['ros']
[0.327s] Level 1:colcon.colcon_core.package_identification:_identify(src) by extension 'ros'
[0.327s] Level 1:colcon.colcon_core.package_identification:_identify(src) by extensions ['cmake', 'python']
[0.327s] Level 1:colcon.colcon_core.package_identification:_identify(src) by extension 'cmake'
[0.327s] Level 1:colcon.colcon_core.package_identification:_identify(src) by extension 'python'
[0.327s] Level 1:colcon.colcon_core.package_identification:_identify(src) by extensions ['python_setup_py']
[0.328s] Level 1:colcon.colcon_core.package_identification:_identify(src) by extension 'python_setup_py'
[0.328s] Level 1:colcon.colcon_core.package_identification:_identify(src/ros2comm) by extensions ['ignore', 'ignore_ament_install']
[0.328s] Level 1:colcon.colcon_core.package_identification:_identify(src/ros2comm) by extension 'ignore'
[0.328s] Level 1:colcon.colcon_core.package_identification:_identify(src/ros2comm) by extension 'ignore_ament_install'
[0.328s] Level 1:colcon.colcon_core.package_identification:_identify(src/ros2comm) by extensions ['colcon_pkg']
[0.328s] Level 1:colcon.colcon_core.package_identification:_identify(src/ros2comm) by extension 'colcon_pkg'
[0.328s] Level 1:colcon.colcon_core.package_identification:_identify(src/ros2comm) by extensions ['colcon_meta']
[0.329s] Level 1:colcon.colcon_core.package_identification:_identify(src/ros2comm) by extension 'colcon_meta'
[0.329s] Level 1:colcon.colcon_core.package_identification:_identify(src/ros2comm) by extensions ['ros']
[0.329s] Level 1:colcon.colcon_core.package_identification:_identify(src/ros2comm) by extension 'ros'
[0.329s] Level 1:colcon.colcon_core.package_identification:_identify(src/ros2comm) by extensions ['cmake', 'python']
[0.329s] Level 1:colcon.colcon_core.package_identification:_identify(src/ros2comm) by extension 'cmake'
[0.329s] Level 1:colcon.colcon_core.package_identification:_identify(src/ros2comm) by extension 'python'
[0.329s] Level 1:colcon.colcon_core.package_identification:_identify(src/ros2comm) by extensions ['python_setup_py']
[0.329s] Level 1:colcon.colcon_core.package_identification:_identify(src/ros2comm) by extension 'python_setup_py'
[0.330s] Level 1:colcon.colcon_core.package_identification:_identify(src/ros2comm/ros2client) by extensions ['ignore', 'ignore_ament_install']
[0.330s] Level 1:colcon.colcon_core.package_identification:_identify(src/ros2comm/ros2client) by extension 'ignore'
[0.330s] Level 1:colcon.colcon_core.package_identification:_identify(src/ros2comm/ros2client) by extension 'ignore_ament_install'
[0.330s] Level 1:colcon.colcon_core.package_identification:_identify(src/ros2comm/ros2client) by extensions ['colcon_pkg']
[0.330s] Level 1:colcon.colcon_core.package_identification:_identify(src/ros2comm/ros2client) by extension 'colcon_pkg'
[0.330s] Level 1:colcon.colcon_core.package_identification:_identify(src/ros2comm/ros2client) by extensions ['colcon_meta']
[0.330s] Level 1:colcon.colcon_core.package_identification:_identify(src/ros2comm/ros2client) by extension 'colcon_meta'
[0.330s] Level 1:colcon.colcon_core.package_identification:_identify(src/ros2comm/ros2client) by extensions ['ros']
[0.331s] Level 1:colcon.colcon_core.package_identification:_identify(src/ros2comm/ros2client) by extension 'ros'
[0.336s] DEBUG:colcon.colcon_core.package_identification:Package 'src/ros2comm/ros2client' with type 'ros.ament_python' and name 'ros2client'
[0.336s] Level 1:colcon.colcon_core.package_identification:_identify(src/ros2comm/ros2server) by extensions ['ignore', 'ignore_ament_install']
[0.337s] Level 1:colcon.colcon_core.package_identification:_identify(src/ros2comm/ros2server) by extension 'ignore'
[0.337s] Level 1:colcon.colcon_core.package_identification:_identify(src/ros2comm/ros2server) by extension 'ignore_ament_install'
[0.337s] Level 1:colcon.colcon_core.package_identification:_identify(src/ros2comm/ros2server) by extensions ['colcon_pkg']
[0.337s] Level 1:colcon.colcon_core.package_identification:_identify(src/ros2comm/ros2server) by extension 'colcon_pkg'
[0.337s] Level 1:colcon.colcon_core.package_identification:_identify(src/ros2comm/ros2server) by extensions ['colcon_meta']
[0.337s] Level 1:colcon.colcon_core.package_identification:_identify(src/ros2comm/ros2server) by extension 'colcon_meta'
[0.337s] Level 1:colcon.colcon_core.package_identification:_identify(src/ros2comm/ros2server) by extensions ['ros']
[0.337s] Level 1:colcon.colcon_core.package_identification:_identify(src/ros2comm/ros2server) by extension 'ros'
[0.340s] DEBUG:colcon.colcon_core.package_identification:Package 'src/ros2comm/ros2server' with type 'ros.ament_python' and name 'ros2server'
[0.340s] Level 1:colcon.colcon_core.package_discovery:discover_packages(recursive) using defaults
[0.340s] Level 1:colcon.colcon_core.package_discovery:discover_packages(ignore) discover
[0.340s] Level 1:colcon.colcon_core.package_discovery:discover_packages(ignore) using defaults
[0.340s] Level 1:colcon.colcon_core.package_discovery:discover_packages(path) discover
[0.341s] Level 1:colcon.colcon_core.package_discovery:discover_packages(path) using defaults
[0.348s] Level 5:colcon.colcon_core.verb:set package 'ros2client' build argument 'cmake_args' from command line to 'None'
[0.348s] Level 5:colcon.colcon_core.verb:set package 'ros2client' build argument 'cmake_target' from command line to 'None'
[0.348s] Level 5:colcon.colcon_core.verb:set package 'ros2client' build argument 'cmake_target_skip_unavailable' from command line to 'False'
[0.348s] Level 5:colcon.colcon_core.verb:set package 'ros2client' build argument 'cmake_clean_cache' from command line to 'False'
[0.348s] Level 5:colcon.colcon_core.verb:set package 'ros2client' build argument 'cmake_clean_first' from command line to 'False'
[0.349s] Level 5:colcon.colcon_core.verb:set package 'ros2client' build argument 'cmake_force_configure' from command line to 'False'
[0.349s] Level 5:colcon.colcon_core.verb:set package 'ros2client' build argument 'ament_cmake_args' from command line to 'None'
[0.349s] Level 5:colcon.colcon_core.verb:set package 'ros2client' build argument 'catkin_cmake_args' from command line to 'None'
[0.349s] Level 5:colcon.colcon_core.verb:set package 'ros2client' build argument 'catkin_skip_building_tests' from command line to 'False'
[0.349s] DEBUG:colcon.colcon_core.verb:Building package 'ros2client' with the following arguments: {'ament_cmake_args': None, 'build_base': '/root/dev_ws/build/ros2client', 'catkin_cmake_args': None, 'catkin_skip_building_tests': False, 'cmake_args': None, 'cmake_clean_cache': False, 'cmake_clean_first': False, 'cmake_force_configure': False, 'cmake_target': None, 'cmake_target_skip_unavailable': False, 'install_base': '/root/dev_ws/install/ros2client', 'merge_install': False, 'path': '/root/dev_ws/src/ros2comm/ros2client', 'symlink_install': False, 'test_result_base': None}
[0.352s] Level 5:colcon.colcon_core.verb:set package 'ros2server' build argument 'cmake_args' from command line to 'None'
[0.353s] Level 5:colcon.colcon_core.verb:set package 'ros2server' build argument 'cmake_target' from command line to 'None'
[0.353s] Level 5:colcon.colcon_core.verb:set package 'ros2server' build argument 'cmake_target_skip_unavailable' from command line to 'False'
[0.353s] Level 5:colcon.colcon_core.verb:set package 'ros2server' build argument 'cmake_clean_cache' from command line to 'False'
[0.353s] Level 5:colcon.colcon_core.verb:set package 'ros2server' build argument 'cmake_clean_first' from command line to 'False'
[0.353s] Level 5:colcon.colcon_core.verb:set package 'ros2server' build argument 'cmake_force_configure' from command line to 'False'
[0.353s] Level 5:colcon.colcon_core.verb:set package 'ros2server' build argument 'ament_cmake_args' from command line to 'None'
[0.353s] Level 5:colcon.colcon_core.verb:set package 'ros2server' build argument 'catkin_cmake_args' from command line to 'None'
[0.353s] Level 5:colcon.colcon_core.verb:set package 'ros2server' build argument 'catkin_skip_building_tests' from command line to 'False'
[0.353s] DEBUG:colcon.colcon_core.verb:Building package 'ros2server' with the following arguments: {'ament_cmake_args': None, 'build_base': '/root/dev_ws/build/ros2server', 'catkin_cmake_args': None, 'catkin_skip_building_tests': False, 'cmake_args': None, 'cmake_clean_cache': False, 'cmake_clean_first': False, 'cmake_force_configure': False, 'cmake_target': None, 'cmake_target_skip_unavailable': False, 'install_base': '/root/dev_ws/install/ros2server', 'merge_install': False, 'path': '/root/dev_ws/src/ros2comm/ros2server', 'symlink_install': False, 'test_result_base': None}
[0.354s] INFO:colcon.colcon_core.executor:Executing jobs using 'parallel' executor
[0.357s] DEBUG:colcon.colcon_parallel_executor.executor.parallel:run_until_complete
[0.358s] INFO:colcon.colcon_ros.task.ament_python.build:Building ROS package in '/root/dev_ws/src/ros2comm/ros2client' with build type 'ament_python'
[0.358s] Level 1:colcon.colcon_core.shell:create_environment_hook('ros2client', 'ament_prefix_path')
[0.364s] INFO:colcon.colcon_core.plugin_system:Skipping extension 'colcon_core.shell.bat': Not used on non-Windows systems
[0.364s] INFO:colcon.colcon_core.shell:Creating environment hook '/root/dev_ws/install/ros2client/share/ros2client/hook/ament_prefix_path.ps1'
[0.365s] INFO:colcon.colcon_core.shell:Creating environment descriptor '/root/dev_ws/install/ros2client/share/ros2client/hook/ament_prefix_path.dsv'
[0.367s] INFO:colcon.colcon_core.shell:Creating environment hook '/root/dev_ws/install/ros2client/share/ros2client/hook/ament_prefix_path.sh'
[0.369s] INFO:colcon.colcon_core.shell:Skip shell extension 'powershell' for command environment: Not usable outside of PowerShell
[0.369s] DEBUG:colcon.colcon_core.shell:Skip shell extension 'dsv' for command environment
[0.373s] DEBUG:colcon.colcon_core.shell:Ignoring prefix path '/opt/ros/dashing'
[0.378s] INFO:colcon.colcon_ros.task.ament_python.build:Building ROS package in '/root/dev_ws/src/ros2comm/ros2server' with build type 'ament_python'
[0.378s] Level 1:colcon.colcon_core.shell:create_environment_hook('ros2server', 'ament_prefix_path')
[0.380s] INFO:colcon.colcon_core.shell:Creating environment hook '/root/dev_ws/install/ros2server/share/ros2server/hook/ament_prefix_path.ps1'
[0.381s] INFO:colcon.colcon_core.shell:Creating environment descriptor '/root/dev_ws/install/ros2server/share/ros2server/hook/ament_prefix_path.dsv'
[0.382s] INFO:colcon.colcon_core.shell:Creating environment hook '/root/dev_ws/install/ros2server/share/ros2server/hook/ament_prefix_path.sh'
[0.384s] INFO:colcon.colcon_core.shell:Skip shell extension 'powershell' for command environment: Not usable outside of PowerShell
[0.384s] DEBUG:colcon.colcon_core.shell:Skip shell extension 'dsv' for command environment
[0.386s] DEBUG:colcon.colcon_core.shell:Ignoring prefix path '/opt/ros/dashing'
[0.657s] INFO:colcon.colcon_core.task.python.build:Building Python package in '/root/dev_ws/src/ros2comm/ros2client'
[0.658s] INFO:colcon.colcon_core.shell:Skip shell extension 'powershell' for command environment: Not usable outside of PowerShell
[0.659s] DEBUG:colcon.colcon_core.shell:Skip shell extension 'dsv' for command environment
[0.663s] DEBUG:colcon.colcon_core.shell:Ignoring prefix path '/opt/ros/dashing'
[0.937s] INFO:colcon.colcon_core.task.python.build:Building Python package in '/root/dev_ws/src/ros2comm/ros2server'
[0.939s] INFO:colcon.colcon_core.shell:Skip shell extension 'powershell' for command environment: Not usable outside of PowerShell
[0.939s] DEBUG:colcon.colcon_core.shell:Skip shell extension 'dsv' for command environment
[0.942s] DEBUG:colcon.colcon_core.shell:Ignoring prefix path '/opt/ros/dashing'
[1.223s] DEBUG:colcon.colcon_core.event_handler.log_command:Invoking command in '/root/dev_ws/src/ros2comm/ros2client': PYTHONPATH=/root/dev_ws/install/ros2client/lib/python3.6/site-packages:${PYTHONPATH} /usr/bin/python3 setup.py egg_info --egg-base /root/dev_ws/build/ros2client build --build-base /root/dev_ws/build/ros2client/build install --prefix /root/dev_ws/install/ros2client --record /root/dev_ws/build/ros2client/install.log --single-version-externally-managed
[1.509s] DEBUG:colcon.colcon_core.event_handler.log_command:Invoking command in '/root/dev_ws/src/ros2comm/ros2server': PYTHONPATH=/root/dev_ws/install/ros2server/lib/python3.6/site-packages:${PYTHONPATH} /usr/bin/python3 setup.py egg_info --egg-base /root/dev_ws/build/ros2server build --build-base /root/dev_ws/build/ros2server/build install --prefix /root/dev_ws/install/ros2server --record /root/dev_ws/build/ros2server/install.log --single-version-externally-managed
[1.549s] DEBUG:colcon.colcon_core.event_handler.log_command:Invoked command in '/root/dev_ws/src/ros2comm/ros2client' returned '0': PYTHONPATH=/root/dev_ws/install/ros2client/lib/python3.6/site-packages:${PYTHONPATH} /usr/bin/python3 setup.py egg_info --egg-base /root/dev_ws/build/ros2client build --build-base /root/dev_ws/build/ros2client/build install --prefix /root/dev_ws/install/ros2client --record /root/dev_ws/build/ros2client/install.log --single-version-externally-managed
[1.555s] Level 1:colcon.colcon_core.environment:checking '/root/dev_ws/install/ros2client' for CMake module files
[1.556s] Level 1:colcon.colcon_core.environment:checking '/root/dev_ws/install/ros2client' for CMake config files
[1.558s] Level 1:colcon.colcon_core.environment:checking '/root/dev_ws/install/ros2client/lib'
[1.558s] Level 1:colcon.colcon_core.environment:checking '/root/dev_ws/install/ros2client/bin'
[1.558s] Level 1:colcon.colcon_core.environment:checking '/root/dev_ws/install/ros2client/lib/pkgconfig/ros2client.pc'
[1.559s] Level 1:colcon.colcon_core.environment:checking '/root/dev_ws/install/ros2client/lib/python3.6/site-packages'
[1.559s] Level 1:colcon.colcon_core.shell:create_environment_hook('ros2client', 'pythonpath')
[1.560s] INFO:colcon.colcon_core.shell:Creating environment hook '/root/dev_ws/install/ros2client/share/ros2client/hook/pythonpath.ps1'
[1.561s] INFO:colcon.colcon_core.shell:Creating environment descriptor '/root/dev_ws/install/ros2client/share/ros2client/hook/pythonpath.dsv'
[1.562s] INFO:colcon.colcon_core.shell:Creating environment hook '/root/dev_ws/install/ros2client/share/ros2client/hook/pythonpath.sh'
[1.562s] Level 1:colcon.colcon_core.environment:create_environment_scripts_only(ros2client)
[1.564s] INFO:colcon.colcon_core.shell:Creating package script '/root/dev_ws/install/ros2client/share/ros2client/package.ps1'
[1.566s] INFO:colcon.colcon_core.shell:Creating package descriptor '/root/dev_ws/install/ros2client/share/ros2client/package.dsv'
[1.567s] INFO:colcon.colcon_core.shell:Creating package script '/root/dev_ws/install/ros2client/share/ros2client/package.sh'
[1.571s] INFO:colcon.colcon_core.shell:Creating package script '/root/dev_ws/install/ros2client/share/ros2client/package.bash'
[1.574s] INFO:colcon.colcon_core.shell:Creating package script '/root/dev_ws/install/ros2client/share/ros2client/package.zsh'
[1.576s] Level 1:colcon.colcon_core.environment:create_file_with_runtime_dependencies(/root/dev_ws/install/ros2client/share/colcon-core/packages/ros2client)
[1.847s] Level 1:colcon.colcon_core.environment:checking '/root/dev_ws/install/ros2server' for CMake module files
[1.848s] DEBUG:colcon.colcon_core.event_handler.log_command:Invoked command in '/root/dev_ws/src/ros2comm/ros2server' returned '0': PYTHONPATH=/root/dev_ws/install/ros2server/lib/python3.6/site-packages:${PYTHONPATH} /usr/bin/python3 setup.py egg_info --egg-base /root/dev_ws/build/ros2server build --build-base /root/dev_ws/build/ros2server/build install --prefix /root/dev_ws/install/ros2server --record /root/dev_ws/build/ros2server/install.log --single-version-externally-managed
[1.849s] Level 1:colcon.colcon_core.environment:checking '/root/dev_ws/install/ros2server' for CMake config files
[1.851s] Level 1:colcon.colcon_core.environment:checking '/root/dev_ws/install/ros2server/lib'
[1.851s] Level 1:colcon.colcon_core.environment:checking '/root/dev_ws/install/ros2server/bin'
[1.851s] Level 1:colcon.colcon_core.environment:checking '/root/dev_ws/install/ros2server/lib/pkgconfig/ros2server.pc'
[1.851s] Level 1:colcon.colcon_core.environment:checking '/root/dev_ws/install/ros2server/lib/python3.6/site-packages'
[1.852s] Level 1:colcon.colcon_core.shell:create_environment_hook('ros2server', 'pythonpath')
[1.852s] INFO:colcon.colcon_core.shell:Creating environment hook '/root/dev_ws/install/ros2server/share/ros2server/hook/pythonpath.ps1'
[1.853s] INFO:colcon.colcon_core.shell:Creating environment descriptor '/root/dev_ws/install/ros2server/share/ros2server/hook/pythonpath.dsv'
[1.854s] INFO:colcon.colcon_core.shell:Creating environment hook '/root/dev_ws/install/ros2server/share/ros2server/hook/pythonpath.sh'
[1.855s] Level 1:colcon.colcon_core.environment:create_environment_scripts_only(ros2server)
[1.856s] INFO:colcon.colcon_core.shell:Creating package script '/root/dev_ws/install/ros2server/share/ros2server/package.ps1'
[1.857s] INFO:colcon.colcon_core.shell:Creating package descriptor '/root/dev_ws/install/ros2server/share/ros2server/package.dsv'
[1.859s] INFO:colcon.colcon_core.shell:Creating package script '/root/dev_ws/install/ros2server/share/ros2server/package.sh'
[1.860s] INFO:colcon.colcon_core.shell:Creating package script '/root/dev_ws/install/ros2server/share/ros2server/package.bash'
[1.861s] INFO:colcon.colcon_core.shell:Creating package script '/root/dev_ws/install/ros2server/share/ros2server/package.zsh'
[1.862s] Level 1:colcon.colcon_core.environment:create_file_with_runtime_dependencies(/root/dev_ws/install/ros2server/share/colcon-core/packages/ros2server)
[1.862s] DEBUG:colcon.colcon_parallel_executor.executor.parallel:closing loop
[1.863s] DEBUG:colcon.colcon_parallel_executor.executor.parallel:loop closed
[1.863s] DEBUG:colcon.colcon_parallel_executor.executor.parallel:run_until_complete finished with '0'
[1.863s] DEBUG:colcon.colcon_core.event_reactor:joining thread
[1.886s] INFO:colcon.colcon_core.plugin_system:Skipping extension 'colcon_notification.desktop_notification.notify_send': Could not find 'notify-send'
[1.887s] INFO:colcon.colcon_core.plugin_system:Skipping extension 'colcon_notification.desktop_notification.terminal_notifier': Not used on non-Darwin systems
[1.887s] INFO:colcon.colcon_core.plugin_system:Skipping extension 'colcon_notification.desktop_notification.win32': Not used on non-Windows systems
[1.887s] INFO:colcon.colcon_notification.desktop_notification:Sending desktop notification using 'notify2'
[1.890s] DEBUG:colcon.colcon_notification.desktop_notification.notify2:Failed to initialize notify2: org.freedesktop.DBus.Error.Spawn.ExecFailed: /usr/bin/dbus-launch terminated abnormally without any error message
[1.891s] DEBUG:colcon.colcon_core.event_reactor:joined thread
[1.893s] INFO:colcon.colcon_core.shell:Creating prefix script '/root/dev_ws/install/local_setup.ps1'
[1.895s] INFO:colcon.colcon_core.shell:Creating prefix util module '/root/dev_ws/install/_local_setup_util_ps1.py'
[1.898s] INFO:colcon.colcon_core.shell:Creating prefix chain script '/root/dev_ws/install/setup.ps1'
[1.903s] INFO:colcon.colcon_core.shell:Creating prefix script '/root/dev_ws/install/local_setup.sh'
[1.905s] INFO:colcon.colcon_core.shell:Creating prefix util module '/root/dev_ws/install/_local_setup_util_sh.py'
[1.906s] INFO:colcon.colcon_core.shell:Creating prefix chain script '/root/dev_ws/install/setup.sh'
[1.910s] INFO:colcon.colcon_core.shell:Creating prefix script '/root/dev_ws/install/local_setup.bash'
[1.912s] INFO:colcon.colcon_core.shell:Creating prefix chain script '/root/dev_ws/install/setup.bash'
[1.916s] INFO:colcon.colcon_core.shell:Creating prefix script '/root/dev_ws/install/local_setup.zsh'
[1.917s] INFO:colcon.colcon_core.shell:Creating prefix chain script '/root/dev_ws/install/setup.zsh'
