[1.345s] Invoking command in '/root/dev_ws/src/ros2comm/ros2server': PYTHONPATH=/root/dev_ws/install/ros2server/lib/python3.6/site-packages:${PYTHONPATH} /usr/bin/python3 setup.py egg_info --egg-base /root/dev_ws/build/ros2server build --build-base /root/dev_ws/build/ros2server/build install --prefix /root/dev_ws/install/ros2server --record /root/dev_ws/build/ros2server/install.log --single-version-externally-managed
[1.593s] running egg_info
[1.594s] writing /root/dev_ws/build/ros2server/ros2server.egg-info/PKG-INFO
[1.594s] writing dependency_links to /root/dev_ws/build/ros2server/ros2server.egg-info/dependency_links.txt
[1.595s] writing entry points to /root/dev_ws/build/ros2server/ros2server.egg-info/entry_points.txt
[1.595s] writing requirements to /root/dev_ws/build/ros2server/ros2server.egg-info/requires.txt
[1.595s] writing top-level names to /root/dev_ws/build/ros2server/ros2server.egg-info/top_level.txt
[1.640s] reading manifest file '/root/dev_ws/build/ros2server/ros2server.egg-info/SOURCES.txt'
[1.642s] writing manifest file '/root/dev_ws/build/ros2server/ros2server.egg-info/SOURCES.txt'
[1.642s] running build
[1.642s] running build_py
[1.643s] copying ros2server/serverRun.py -> /root/dev_ws/build/ros2server/build/lib/ros2server
[1.643s] copying ros2server/comm.py -> /root/dev_ws/build/ros2server/build/lib/ros2server
[1.643s] running install
[1.644s] running install_lib
[1.644s] copying /root/dev_ws/build/ros2server/build/lib/ros2server/serverRun.py -> /root/dev_ws/install/ros2server/lib/python3.6/site-packages/ros2server
[1.645s] copying /root/dev_ws/build/ros2server/build/lib/ros2server/comm.py -> /root/dev_ws/install/ros2server/lib/python3.6/site-packages/ros2server
[1.645s] byte-compiling /root/dev_ws/install/ros2server/lib/python3.6/site-packages/ros2server/serverRun.py to serverRun.cpython-36.pyc
[1.646s] byte-compiling /root/dev_ws/install/ros2server/lib/python3.6/site-packages/ros2server/comm.py to comm.cpython-36.pyc
[1.646s] running install_data
[1.647s] running install_egg_info
[1.648s] removing '/root/dev_ws/install/ros2server/lib/python3.6/site-packages/ros2server-0.0.0-py3.6.egg-info' (and everything under it)
[1.649s] Copying /root/dev_ws/build/ros2server/ros2server.egg-info to /root/dev_ws/install/ros2server/lib/python3.6/site-packages/ros2server-0.0.0-py3.6.egg-info
[1.650s] running install_scripts
[1.670s] Installing serverRun script to /root/dev_ws/install/ros2server/lib/ros2server
[1.671s] writing list of installed files to '/root/dev_ws/build/ros2server/install.log'
[1.697s] Invoked command in '/root/dev_ws/src/ros2comm/ros2server' returned '0': PYTHONPATH=/root/dev_ws/install/ros2server/lib/python3.6/site-packages:${PYTHONPATH} /usr/bin/python3 setup.py egg_info --egg-base /root/dev_ws/build/ros2server build --build-base /root/dev_ws/build/ros2server/build install --prefix /root/dev_ws/install/ros2server --record /root/dev_ws/build/ros2server/install.log --single-version-externally-managed
