[1.358s] running egg_info
[1.358s] writing /root/dev_ws/build/ros2server/ros2server.egg-info/PKG-INFO
[1.359s] writing dependency_links to /root/dev_ws/build/ros2server/ros2server.egg-info/dependency_links.txt
[1.359s] writing entry points to /root/dev_ws/build/ros2server/ros2server.egg-info/entry_points.txt
[1.360s] writing requirements to /root/dev_ws/build/ros2server/ros2server.egg-info/requires.txt
[1.360s] writing top-level names to /root/dev_ws/build/ros2server/ros2server.egg-info/top_level.txt
[1.398s] reading manifest file '/root/dev_ws/build/ros2server/ros2server.egg-info/SOURCES.txt'
[1.400s] writing manifest file '/root/dev_ws/build/ros2server/ros2server.egg-info/SOURCES.txt'
[1.401s] running build
[1.401s] running build_py
[1.401s] copying ros2server/serverRun.py -> /root/dev_ws/build/ros2server/build/lib/ros2server
[1.402s] running install
[1.402s] running install_lib
[1.403s] copying /root/dev_ws/build/ros2server/build/lib/ros2server/serverRun.py -> /root/dev_ws/install/ros2server/lib/python3.6/site-packages/ros2server
[1.404s] byte-compiling /root/dev_ws/install/ros2server/lib/python3.6/site-packages/ros2server/serverRun.py to serverRun.cpython-36.pyc
[1.405s] running install_data
[1.406s] running install_egg_info
[1.408s] removing '/root/dev_ws/install/ros2server/lib/python3.6/site-packages/ros2server-0.0.0-py3.6.egg-info' (and everything under it)
[1.409s] Copying /root/dev_ws/build/ros2server/ros2server.egg-info to /root/dev_ws/install/ros2server/lib/python3.6/site-packages/ros2server-0.0.0-py3.6.egg-info
[1.410s] running install_scripts
[1.430s] Installing serverRun script to /root/dev_ws/install/ros2server/lib/ros2server
[1.431s] writing list of installed files to '/root/dev_ws/build/ros2server/install.log'
