[1.414s] running egg_info
[1.415s] writing /root/dev_ws/build/ros2server/ros2server.egg-info/PKG-INFO
[1.415s] writing dependency_links to /root/dev_ws/build/ros2server/ros2server.egg-info/dependency_links.txt
[1.416s] writing entry points to /root/dev_ws/build/ros2server/ros2server.egg-info/entry_points.txt
[1.416s] writing requirements to /root/dev_ws/build/ros2server/ros2server.egg-info/requires.txt
[1.416s] writing top-level names to /root/dev_ws/build/ros2server/ros2server.egg-info/top_level.txt
[1.454s] reading manifest file '/root/dev_ws/build/ros2server/ros2server.egg-info/SOURCES.txt'
[1.455s] writing manifest file '/root/dev_ws/build/ros2server/ros2server.egg-info/SOURCES.txt'
[1.455s] running build
[1.455s] running build_py
[1.455s] copying ros2server/comm.py -> /root/dev_ws/build/ros2server/build/lib/ros2server
[1.456s] running install
[1.456s] running install_lib
[1.457s] copying /root/dev_ws/build/ros2server/build/lib/ros2server/comm.py -> /root/dev_ws/install/ros2server/lib/python3.6/site-packages/ros2server
[1.457s] byte-compiling /root/dev_ws/install/ros2server/lib/python3.6/site-packages/ros2server/comm.py to comm.cpython-36.pyc
[1.458s] running install_data
[1.458s] running install_egg_info
[1.460s] removing '/root/dev_ws/install/ros2server/lib/python3.6/site-packages/ros2server-0.0.0-py3.6.egg-info' (and everything under it)
[1.461s] Copying /root/dev_ws/build/ros2server/ros2server.egg-info to /root/dev_ws/install/ros2server/lib/python3.6/site-packages/ros2server-0.0.0-py3.6.egg-info
[1.462s] running install_scripts
[1.480s] Installing serverRun script to /root/dev_ws/install/ros2server/lib/ros2server
[1.481s] writing list of installed files to '/root/dev_ws/build/ros2server/install.log'
