[1.143s] Invoking command in '/root/dev_ws/src/ros2comm/ros2server': PYTHONPATH=/root/dev_ws/install/ros2server/lib/python3.6/site-packages:${PYTHONPATH} /usr/bin/python3 setup.py egg_info --egg-base /root/dev_ws/build/ros2server build --build-base /root/dev_ws/build/ros2server/build install --prefix /root/dev_ws/install/ros2server --record /root/dev_ws/build/ros2server/install.log --single-version-externally-managed
[1.377s] running egg_info
[1.378s] writing /root/dev_ws/build/ros2server/ros2server.egg-info/PKG-INFO
[1.379s] writing dependency_links to /root/dev_ws/build/ros2server/ros2server.egg-info/dependency_links.txt
[1.380s] writing entry points to /root/dev_ws/build/ros2server/ros2server.egg-info/entry_points.txt
[1.380s] writing requirements to /root/dev_ws/build/ros2server/ros2server.egg-info/requires.txt
[1.380s] writing top-level names to /root/dev_ws/build/ros2server/ros2server.egg-info/top_level.txt
[1.418s] reading manifest file '/root/dev_ws/build/ros2server/ros2server.egg-info/SOURCES.txt'
[1.420s] writing manifest file '/root/dev_ws/build/ros2server/ros2server.egg-info/SOURCES.txt'
[1.420s] running build
[1.421s] running build_py
[1.421s] copying ros2server/comm.py -> /root/dev_ws/build/ros2server/build/lib/ros2server
[1.421s] running install
[1.421s] running install_lib
[1.423s] copying /root/dev_ws/build/ros2server/build/lib/ros2server/comm.py -> /root/dev_ws/install/ros2server/lib/python3.6/site-packages/ros2server
[1.424s] byte-compiling /root/dev_ws/install/ros2server/lib/python3.6/site-packages/ros2server/comm.py to comm.cpython-36.pyc
[1.424s] running install_data
[1.425s] running install_egg_info
[1.427s] removing '/root/dev_ws/install/ros2server/lib/python3.6/site-packages/ros2server-0.0.0-py3.6.egg-info' (and everything under it)
[1.428s] Copying /root/dev_ws/build/ros2server/ros2server.egg-info to /root/dev_ws/install/ros2server/lib/python3.6/site-packages/ros2server-0.0.0-py3.6.egg-info
[1.429s] running install_scripts
[1.449s] Installing serverRun script to /root/dev_ws/install/ros2server/lib/ros2server
[1.450s] writing list of installed files to '/root/dev_ws/build/ros2server/install.log'
[1.478s] Invoked command in '/root/dev_ws/src/ros2comm/ros2server' returned '0': PYTHONPATH=/root/dev_ws/install/ros2server/lib/python3.6/site-packages:${PYTHONPATH} /usr/bin/python3 setup.py egg_info --egg-base /root/dev_ws/build/ros2server build --build-base /root/dev_ws/build/ros2server/build install --prefix /root/dev_ws/install/ros2server --record /root/dev_ws/build/ros2server/install.log --single-version-externally-managed
