[1.335s] running egg_info
[1.336s] writing /root/dev_ws/build/ros2server/ros2server.egg-info/PKG-INFO
[1.336s] writing dependency_links to /root/dev_ws/build/ros2server/ros2server.egg-info/dependency_links.txt
[1.337s] writing entry points to /root/dev_ws/build/ros2server/ros2server.egg-info/entry_points.txt
[1.337s] writing requirements to /root/dev_ws/build/ros2server/ros2server.egg-info/requires.txt
[1.337s] writing top-level names to /root/dev_ws/build/ros2server/ros2server.egg-info/top_level.txt
[1.374s] reading manifest file '/root/dev_ws/build/ros2server/ros2server.egg-info/SOURCES.txt'
[1.375s] writing manifest file '/root/dev_ws/build/ros2server/ros2server.egg-info/SOURCES.txt'
[1.376s] running build
[1.376s] running build_py
[1.376s] copying ros2server/serverRun.py -> /root/dev_ws/build/ros2server/build/lib/ros2server
[1.376s] running install
[1.377s] running install_lib
[1.377s] copying /root/dev_ws/build/ros2server/build/lib/ros2server/serverRun.py -> /root/dev_ws/install/ros2server/lib/python3.6/site-packages/ros2server
[1.378s] byte-compiling /root/dev_ws/install/ros2server/lib/python3.6/site-packages/ros2server/serverRun.py to serverRun.cpython-36.pyc
[1.379s] running install_data
[1.379s] running install_egg_info
[1.381s] removing '/root/dev_ws/install/ros2server/lib/python3.6/site-packages/ros2server-0.0.0-py3.6.egg-info' (and everything under it)
[1.381s] Copying /root/dev_ws/build/ros2server/ros2server.egg-info to /root/dev_ws/install/ros2server/lib/python3.6/site-packages/ros2server-0.0.0-py3.6.egg-info
[1.383s] running install_scripts
[1.401s] Installing serverRun script to /root/dev_ws/install/ros2server/lib/ros2server
[1.402s] writing list of installed files to '/root/dev_ws/build/ros2server/install.log'
