[1.030s] Invoking command in '/root/dev_ws/src/ros2comm/ros2server': PYTHONPATH=/root/dev_ws/install/ros2server/lib/python3.6/site-packages:${PYTHONPATH} /usr/bin/python3 setup.py egg_info --egg-base /root/dev_ws/build/ros2server build --build-base /root/dev_ws/build/ros2server/build install --prefix /root/dev_ws/install/ros2server --record /root/dev_ws/build/ros2server/install.log --single-version-externally-managed
[1.254s] running egg_info
[1.254s] creating /root/dev_ws/build/ros2server/ros2server.egg-info
[1.255s] writing /root/dev_ws/build/ros2server/ros2server.egg-info/PKG-INFO
[1.256s] writing dependency_links to /root/dev_ws/build/ros2server/ros2server.egg-info/dependency_links.txt
[1.256s] writing entry points to /root/dev_ws/build/ros2server/ros2server.egg-info/entry_points.txt
[1.256s] writing requirements to /root/dev_ws/build/ros2server/ros2server.egg-info/requires.txt
[1.256s] writing top-level names to /root/dev_ws/build/ros2server/ros2server.egg-info/top_level.txt
[1.257s] writing manifest file '/root/dev_ws/build/ros2server/ros2server.egg-info/SOURCES.txt'
[1.296s] reading manifest file '/root/dev_ws/build/ros2server/ros2server.egg-info/SOURCES.txt'
[1.297s] writing manifest file '/root/dev_ws/build/ros2server/ros2server.egg-info/SOURCES.txt'
[1.297s] running build
[1.298s] running build_py
[1.298s] creating /root/dev_ws/build/ros2server/build
[1.298s] creating /root/dev_ws/build/ros2server/build/lib
[1.298s] creating /root/dev_ws/build/ros2server/build/lib/ros2server
[1.298s] copying ros2server/serverRun.py -> /root/dev_ws/build/ros2server/build/lib/ros2server
[1.298s] copying ros2server/__init__.py -> /root/dev_ws/build/ros2server/build/lib/ros2server
[1.299s] copying ros2server/comm.py -> /root/dev_ws/build/ros2server/build/lib/ros2server
[1.299s] running install
[1.299s] running install_lib
[1.300s] creating /root/dev_ws/install/ros2server/lib/python3.6/site-packages/ros2server
[1.300s] copying /root/dev_ws/build/ros2server/build/lib/ros2server/serverRun.py -> /root/dev_ws/install/ros2server/lib/python3.6/site-packages/ros2server
[1.300s] copying /root/dev_ws/build/ros2server/build/lib/ros2server/__init__.py -> /root/dev_ws/install/ros2server/lib/python3.6/site-packages/ros2server
[1.300s] copying /root/dev_ws/build/ros2server/build/lib/ros2server/comm.py -> /root/dev_ws/install/ros2server/lib/python3.6/site-packages/ros2server
[1.301s] byte-compiling /root/dev_ws/install/ros2server/lib/python3.6/site-packages/ros2server/serverRun.py to serverRun.cpython-36.pyc
[1.301s] byte-compiling /root/dev_ws/install/ros2server/lib/python3.6/site-packages/ros2server/__init__.py to __init__.cpython-36.pyc
[1.302s] byte-compiling /root/dev_ws/install/ros2server/lib/python3.6/site-packages/ros2server/comm.py to comm.cpython-36.pyc
[1.302s] running install_data
[1.303s] creating /root/dev_ws/install/ros2server/share/ament_index
[1.303s] creating /root/dev_ws/install/ros2server/share/ament_index/resource_index
[1.303s] creating /root/dev_ws/install/ros2server/share/ament_index/resource_index/packages
[1.303s] copying resource/ros2server -> /root/dev_ws/install/ros2server/share/ament_index/resource_index/packages
[1.303s] copying package.xml -> /root/dev_ws/install/ros2server/share/ros2server
[1.303s] running install_egg_info
[1.305s] Copying /root/dev_ws/build/ros2server/ros2server.egg-info to /root/dev_ws/install/ros2server/lib/python3.6/site-packages/ros2server-0.0.0-py3.6.egg-info
[1.306s] running install_scripts
[1.329s] Installing serverRun script to /root/dev_ws/install/ros2server/lib/ros2server
[1.329s] writing list of installed files to '/root/dev_ws/build/ros2server/install.log'
[1.353s] Invoked command in '/root/dev_ws/src/ros2comm/ros2server' returned '0': PYTHONPATH=/root/dev_ws/install/ros2server/lib/python3.6/site-packages:${PYTHONPATH} /usr/bin/python3 setup.py egg_info --egg-base /root/dev_ws/build/ros2server build --build-base /root/dev_ws/build/ros2server/build install --prefix /root/dev_ws/install/ros2server --record /root/dev_ws/build/ros2server/install.log --single-version-externally-managed
